###############################################################################
#
# IAR ANSI C/C++ Compiler V8.40.2.214/W32 for ARM         04/Apr/2021  16:09:24
# Copyright 1999-2019 IAR Systems AB.
#
#    Cpu mode     =  
#    Endian       =  little
#    Source file  =
#        C:\Users\@@@@@@@@\Documents\MyIARprojects\KursovoiK\RtosWrapper\MyTasks\ButtonEventTask.cpp
#    Command line =
#        -f C:\Users\D13C~1\AppData\Local\Temp\EWE8ED.tmp
#        (C:\Users\@@@@@@@@\Documents\MyIARprojects\KursovoiK\RtosWrapper\MyTasks\ButtonEventTask.cpp
#        -lC
#        C:\Users\@@@@@@@@\Documents\MyIARprojects\KursovoiK\RtosWrapper\Debug\List
#        -lA
#        C:\Users\@@@@@@@@\Documents\MyIARprojects\KursovoiK\RtosWrapper\Debug\List
#        -o
#        C:\Users\@@@@@@@@\Documents\MyIARprojects\KursovoiK\RtosWrapper\Debug\Obj
#        --no_cse --no_unroll --no_inline --no_code_motion --no_tbaa
#        --no_clustering --no_scheduling --debug --endian=little
#        --cpu=Cortex-M4 -e --fpu=VFPv4_sp --dlib_config "C:\Program Files
#        (x86)\IAR Systems\Embedded Workbench
#        8.3\arm\inc\c\DLib_Config_Normal.h" -I
#        C:\Users\@@@@@@@@\Documents\MyIARprojects\KursovoiK\RtosWrapper\Rtos\
#        -I
#        C:\Users\@@@@@@@@\Documents\MyIARprojects\KursovoiK\RtosWrapper\Rtos\wrapper\
#        -I
#        C:\Users\@@@@@@@@\Documents\MyIARprojects\KursovoiK\RtosWrapper\Rtos\wrapper\FreeRtos\
#        -I
#        C:\Users\@@@@@@@@\Documents\MyIARprojects\KursovoiK\RtosWrapper\Rtos\FreeRtos\
#        -I
#        C:\Users\@@@@@@@@\Documents\MyIARprojects\KursovoiK\RtosWrapper\Rtos\FreeRtos\include\
#        -I
#        C:\Users\@@@@@@@@\Documents\MyIARprojects\KursovoiK\RtosWrapper\Rtos\FreeRtos\portable\
#        -I
#        C:\Users\@@@@@@@@\Documents\MyIARprojects\KursovoiK\RtosWrapper\Rtos\FreeRtos\portable\Common\
#        -I
#        C:\Users\@@@@@@@@\Documents\MyIARprojects\KursovoiK\RtosWrapper\Rtos\FreeRtos\portable\IAR\
#        -I
#        C:\Users\@@@@@@@@\Documents\MyIARprojects\KursovoiK\RtosWrapper\Rtos\FreeRtos\portable\IAR\ARM_CM4F\
#        -I
#        C:\Users\@@@@@@@@\Documents\MyIARprojects\KursovoiK\RtosWrapper\Rtos\FreeRtos\portable\MemMang\
#        -I
#        C:\Users\@@@@@@@@\Documents\MyIARprojects\KursovoiK\RtosWrapper\MyTasks\
#        -I
#        C:\Users\@@@@@@@@\Documents\MyIARprojects\KursovoiK\RtosWrapper\Common\
#        -I
#        C:\Users\@@@@@@@@\Documents\MyIARprojects\KursovoiK\RtosWrapper\CMSIS\
#        -I
#        C:\Users\@@@@@@@@\Documents\MyIARprojects\KursovoiK\RtosWrapper\Application\
#        -I
#        C:\Users\@@@@@@@@\Documents\MyIARprojects\KursovoiK\RtosWrapper\Application\Diagnostic\
#        -I
#        C:\Users\@@@@@@@@\Documents\MyIARprojects\KursovoiK\RtosWrapper\AHardware\
#        -I
#        C:\Users\@@@@@@@@\Documents\MyIARprojects\KursovoiK\RtosWrapper\AHardware\GpioPort\
#        -I
#        C:\Users\@@@@@@@@\Documents\MyIARprojects\KursovoiK\RtosWrapper\AHardware\IrqController\
#        -I
#        C:\Users\@@@@@@@@\Documents\MyIARprojects\KursovoiK\RtosWrapper\..\CortexLib\AbstractHardware\Pin\
#        -I
#        C:\Users\@@@@@@@@\Documents\MyIARprojects\KursovoiK\RtosWrapper\..\CortexLib\AbstractHardware\Registers\STM32F411\FieldValues\
#        -I
#        C:\Users\@@@@@@@@\Documents\MyIARprojects\KursovoiK\RtosWrapper\..\CortexLib\AbstractHardware\Registers\STM32F411\
#        -I
#        C:\Users\@@@@@@@@\Documents\MyIARprojects\KursovoiK\RtosWrapper\..\CortexLib\AbstractHardware\Registers\
#        -I
#        C:\Users\@@@@@@@@\Documents\MyIARprojects\KursovoiK\RtosWrapper\..\CortexLib\AbstractHardware\Port\
#        -I
#        C:\Users\@@@@@@@@\Documents\MyIARprojects\KursovoiK\RtosWrapper\..\CortexLib\AbstractHardware\Atomic\
#        -I
#        C:\Users\@@@@@@@@\Documents\MyIARprojects\KursovoiK\RtosWrapper\..\CortexLib\Common\
#        -I
#        C:\Users\@@@@@@@@\Documents\MyIARprojects\KursovoiK\RtosWrapper\..\CortexLib\Common\Singleton\
#        -I
#        C:\Users\@@@@@@@@\Documents\MyIARprojects\KursovoiK\RtosWrapper\..\CortexLib\Common\RomObject\
#        -I
#        C:\Users\@@@@@@@@\Documents\MyIARprojects\KursovoiK\RtosWrapper\AHardware\Port\
#        -I
#        C:\Users\@@@@@@@@\Documents\MyIARprojects\KursovoiK\RtosWrapper\AHardware\Pin\
#        -I
#        C:\Users\@@@@@@@@\Documents\MyIARprojects\KursovoiK\RtosWrapper\Application\Button\
#        -I
#        C:\Users\@@@@@@@@\Documents\MyIARprojects\KursovoiK\RtosWrapper\Application\Led\
#        -I
#        C:\Users\@@@@@@@@\Documents\MyIARprojects\KursovoiK\RtosWrapper\Application\Measurement\
#        -I
#        C:\Users\@@@@@@@@\Documents\MyIARprojects\KursovoiK\RtosWrapper\AHardware\USART\
#        -I
#        C:\Users\@@@@@@@@\Documents\MyIARprojects\KursovoiK\RtosWrapper\..\CortexLib\AbstractHardware\Registers\CortexM4\
#        -I
#        C:\Users\@@@@@@@@\Documents\MyIARprojects\KursovoiK\RtosWrapper\..\CortexLib\AbstractHardware\Registers\CortexM4\FieldValues\
#        -Ol --c++ --no_exceptions --no_rtti)
#    Locale       =  C
#    List file    =
#        C:\Users\@@@@@@@@\Documents\MyIARprojects\KursovoiK\RtosWrapper\Debug\List\ButtonEventTask.lst
#    Object file  =
#        C:\Users\@@@@@@@@\Documents\MyIARprojects\KursovoiK\RtosWrapper\Debug\Obj\ButtonEventTask.o
#
###############################################################################

C:\Users\@@@@@@@@\Documents\MyIARprojects\KursovoiK\RtosWrapper\MyTasks\ButtonEventTask.cpp
      1          #include "ButtonEventTask.hpp"
Warning[Ms014]: some characters could not be correctly encoded in
          "C:\Users\@@@@@@@@\Documents\MyIARprojects\KursovoiK\RtosWrapper\Deb
          ug\List\ButtonEventTask.s", and have been replaced with '@'. The
          first such character has unicode code point 0x41d ("@")

   \                                 In section .rodata, align 1
   \   __absolute bool const std::chrono::system_clock::is_steady
   \                     _ZNSt6chrono12system_clock9is_steadyE:
   \        0x0   0x00               DC8 0

   \                                 In section .rodata, align 1
   \   __absolute bool const std::chrono::system_clock::is_monotonic
   \                     _ZNSt6chrono12system_clock12is_monotonicE:
   \        0x0   0x00               DC8 0

   \                                 In section .rodata, align 1
   \   __absolute bool const std::chrono::steady_clock::is_steady
   \                     _ZNSt6chrono12steady_clock9is_steadyE:
   \        0x0   0x01               DC8 1

   \                                 In section .text, align 4
   \   __interwork __vfp void FieldValueBase<RCC_AHB1ENR_GPIOCEN_Values<RCC::AHB1ENR, 2U, 1U, ReadWriteMode, RCC::RCCAHB1ENRBase>, RCC::RCCAHB1ENRBase, 1U>::Set<ReadWriteMode, void>()
   \                     _ZN14FieldValueBaseI26RCC_AHB1ENR_GPIOCEN_ValuesIN3RCC7AHB1ENRELj2ELj1E13ReadWriteModeNS1_14RCCAHB1ENRBaseEES4_Lj1EE3SetIS3_vEEvv: (+1)
   \        0x0   0x4903             LDR.N    R1,??Set_0       ;; 0x40023830
   \        0x2   0x6808             LDR      R0,[R1, #+0]
   \        0x4   0xF030 0x0004      BICS     R0,R0,#0x4
   \        0x8   0xF050 0x0004      ORRS     R0,R0,#0x4
   \        0xC   0x6008             STR      R0,[R1, #+0]
   \        0xE   0x4770             BX       LR               ;; return
   \                     ??Set_0:
   \       0x10   0x4002'3830        DC32     0x40023830

   \                                 In section .text, align 4
   \   __interwork __vfp void FieldValueBase<RCC_AHB1ENR_GPIOCEN_Values<RCC::AHB1ENR, 2U, 1U, ReadWriteMode, RCC::RCCAHB1ENRBase>, RCC::RCCAHB1ENRBase, 0U>::Set<ReadWriteMode, void>()
   \                     _ZN14FieldValueBaseI26RCC_AHB1ENR_GPIOCEN_ValuesIN3RCC7AHB1ENRELj2ELj1E13ReadWriteModeNS1_14RCCAHB1ENRBaseEES4_Lj0EE3SetIS3_vEEvv: (+1)
   \        0x0   0x4902             LDR.N    R1,??Set_1       ;; 0x40023830
   \        0x2   0x6808             LDR      R0,[R1, #+0]
   \        0x4   0xF030 0x0004      BICS     R0,R0,#0x4
   \        0x8   0x6008             STR      R0,[R1, #+0]
   \        0xA   0x4770             BX       LR               ;; return
   \                     ??Set_1:
   \        0xC   0x4002'3830        DC32     0x40023830

   \                                 In section .text, align 4
   \   __interwork __vfp void FieldValueBase<RCC_AHB1ENR_GPIOAEN_Values<RCC::AHB1ENR, 0U, 1U, ReadWriteMode, RCC::RCCAHB1ENRBase>, RCC::RCCAHB1ENRBase, 1U>::Set<ReadWriteMode, void>()
   \                     _ZN14FieldValueBaseI26RCC_AHB1ENR_GPIOAEN_ValuesIN3RCC7AHB1ENRELj0ELj1E13ReadWriteModeNS1_14RCCAHB1ENRBaseEES4_Lj1EE3SetIS3_vEEvv: (+1)
   \        0x0   0x4903             LDR.N    R1,??Set_2       ;; 0x40023830
   \        0x2   0x6808             LDR      R0,[R1, #+0]
   \        0x4   0x0840             LSRS     R0,R0,#+1
   \        0x6   0x0040             LSLS     R0,R0,#+1
   \        0x8   0xF050 0x0001      ORRS     R0,R0,#0x1
   \        0xC   0x6008             STR      R0,[R1, #+0]
   \        0xE   0x4770             BX       LR               ;; return
   \                     ??Set_2:
   \       0x10   0x4002'3830        DC32     0x40023830

   \                                 In section .text, align 4
   \   __interwork __vfp void FieldValueBase<RCC_AHB1ENR_GPIOAEN_Values<RCC::AHB1ENR, 0U, 1U, ReadWriteMode, RCC::RCCAHB1ENRBase>, RCC::RCCAHB1ENRBase, 0U>::Set<ReadWriteMode, void>()
   \                     _ZN14FieldValueBaseI26RCC_AHB1ENR_GPIOAEN_ValuesIN3RCC7AHB1ENRELj0ELj1E13ReadWriteModeNS1_14RCCAHB1ENRBaseEES4_Lj0EE3SetIS3_vEEvv: (+1)
   \        0x0   0x4902             LDR.N    R1,??Set_3       ;; 0x40023830
   \        0x2   0x6808             LDR      R0,[R1, #+0]
   \        0x4   0x0840             LSRS     R0,R0,#+1
   \        0x6   0x0040             LSLS     R0,R0,#+1
   \        0x8   0x6008             STR      R0,[R1, #+0]
   \        0xA   0x4770             BX       LR               ;; return
   \                     ??Set_3:
   \        0xC   0x4002'3830        DC32     0x40023830

   \                                 In section .text, align 4
   \   __interwork __vfp bool FieldValueBase<RCC_AHB1ENR_GPIOCEN_Values<RCC::AHB1ENR, 2U, 1U, ReadWriteMode, RCC::RCCAHB1ENRBase>, RCC::RCCAHB1ENRBase, 1U>::IsSet<ReadWriteMode, void>()
   \                     _ZN14FieldValueBaseI26RCC_AHB1ENR_GPIOCEN_ValuesIN3RCC7AHB1ENRELj2ELj1E13ReadWriteModeNS1_14RCCAHB1ENRBaseEES4_Lj1EE5IsSetIS3_vEEbv: (+1)
   \        0x0   0x4802             LDR.N    R0,??IsSet_0     ;; 0x40023830
   \        0x2   0x6800             LDR      R0,[R0, #+0]
   \        0x4   0x0880             LSRS     R0,R0,#+2
   \        0x6   0xF010 0x0001      ANDS     R0,R0,#0x1
   \        0xA   0x4770             BX       LR               ;; return
   \                     ??IsSet_0:
   \        0xC   0x4002'3830        DC32     0x40023830

   \                                 In section .text, align 4
   \   __interwork __vfp bool FieldValueBase<RCC_AHB1ENR_GPIOAEN_Values<RCC::AHB1ENR, 0U, 1U, ReadWriteMode, RCC::RCCAHB1ENRBase>, RCC::RCCAHB1ENRBase, 1U>::IsSet<ReadWriteMode, void>()
   \                     _ZN14FieldValueBaseI26RCC_AHB1ENR_GPIOAEN_ValuesIN3RCC7AHB1ENRELj0ELj1E13ReadWriteModeNS1_14RCCAHB1ENRBaseEES4_Lj1EE5IsSetIS3_vEEbv: (+1)
   \        0x0   0x4802             LDR.N    R0,??IsSet_1     ;; 0x40023830
   \        0x2   0x6800             LDR      R0,[R0, #+0]
   \        0x4   0xF010 0x0001      ANDS     R0,R0,#0x1
   \        0x8   0x4770             BX       LR               ;; return
   \        0xA   0xBF00             Nop      
   \                     ??IsSet_1:
   \        0xC   0x4002'3830        DC32     0x40023830

   \                                 In section .text, align 4
   \   __interwork __vfp void RegisterBase<1073874944U, 32U, ReadWriteMode>::Write<ReadWriteMode, void>(uint32_t)
   \                     _ZN12RegisterBaseILj1073874944ELj32E13ReadWriteModeE5WriteIS0_vEEvj: (+1)
   \        0x0   0x4901             LDR.N    R1,??Write_0     ;; 0x40020800
   \        0x2   0x6008             STR      R0,[R1, #+0]
   \        0x4   0x4770             BX       LR               ;; return
   \        0x6   0xBF00             Nop      
   \                     ??Write_0:
   \        0x8   0x4002'0800        DC32     0x40020800

   \                                 In section .text, align 4
   \   __interwork __vfp void RegisterBase<1073874964U, 32U, ReadWriteMode>::Write<ReadWriteMode, void>(uint32_t)
   \                     _ZN12RegisterBaseILj1073874964ELj32E13ReadWriteModeE5WriteIS0_vEEvj: (+1)
   \        0x0   0x4901             LDR.N    R1,??Write_1     ;; 0x40020814
   \        0x2   0x6008             STR      R0,[R1, #+0]
   \        0x4   0x4770             BX       LR               ;; return
   \        0x6   0xBF00             Nop      
   \                     ??Write_1:
   \        0x8   0x4002'0814        DC32     0x40020814

   \                                 In section .text, align 4
   \   __interwork __vfp void RegisterBase<1073874968U, 32U, WriteMode>::Write<WriteMode, void>(uint32_t)
   \                     _ZN12RegisterBaseILj1073874968ELj32E9WriteModeE5WriteIS0_vEEvj: (+1)
   \        0x0   0x4901             LDR.N    R1,??Write_2     ;; 0x40020818
   \        0x2   0x6008             STR      R0,[R1, #+0]
   \        0x4   0x4770             BX       LR               ;; return
   \        0x6   0xBF00             Nop      
   \                     ??Write_2:
   \        0x8   0x4002'0818        DC32     0x40020818

   \                                 In section .text, align 4
   \   __interwork __vfp void RegisterBase<1073872896U, 32U, ReadWriteMode>::Write<ReadWriteMode, void>(uint32_t)
   \                     _ZN12RegisterBaseILj1073872896ELj32E13ReadWriteModeE5WriteIS0_vEEvj: (+1)
   \        0x0   0x4901             LDR.N    R1,??Write_3     ;; 0x40020000
   \        0x2   0x6008             STR      R0,[R1, #+0]
   \        0x4   0x4770             BX       LR               ;; return
   \        0x6   0xBF00             Nop      
   \                     ??Write_3:
   \        0x8   0x4002'0000        DC32     0x40020000

   \                                 In section .text, align 4
   \   __interwork __vfp void RegisterBase<1073872916U, 32U, ReadWriteMode>::Write<ReadWriteMode, void>(uint32_t)
   \                     _ZN12RegisterBaseILj1073872916ELj32E13ReadWriteModeE5WriteIS0_vEEvj: (+1)
   \        0x0   0x4901             LDR.N    R1,??Write_4     ;; 0x40020014
   \        0x2   0x6008             STR      R0,[R1, #+0]
   \        0x4   0x4770             BX       LR               ;; return
   \        0x6   0xBF00             Nop      
   \                     ??Write_4:
   \        0x8   0x4002'0014        DC32     0x40020014

   \                                 In section .text, align 4
   \   __interwork __vfp void RegisterBase<1073872920U, 32U, WriteMode>::Write<WriteMode, void>(uint32_t)
   \                     _ZN12RegisterBaseILj1073872920ELj32E9WriteModeE5WriteIS0_vEEvj: (+1)
   \        0x0   0x4901             LDR.N    R1,??Write_5     ;; 0x40020018
   \        0x2   0x6008             STR      R0,[R1, #+0]
   \        0x4   0x4770             BX       LR               ;; return
   \        0x6   0xBF00             Nop      
   \                     ??Write_5:
   \        0x8   0x4002'0018        DC32     0x40020018

   \                                 In section .text, align 4
   \   __interwork __vfp void RegisterBase<1073874964U, 32U, ReadWriteMode>::Toggle<ReadWriteMode, void>(uint32_t)
   \                     _ZN12RegisterBaseILj1073874964ELj32E13ReadWriteModeE6ToggleIS0_vEEvj: (+1)
   \        0x0   0x4902             LDR.N    R1,??Toggle_0    ;; 0x40020814
   \        0x2   0x680A             LDR      R2,[R1, #+0]
   \        0x4   0x4050             EORS     R0,R0,R2
   \        0x6   0x6008             STR      R0,[R1, #+0]
   \        0x8   0x4770             BX       LR               ;; return
   \        0xA   0xBF00             Nop      
   \                     ??Toggle_0:
   \        0xC   0x4002'0814        DC32     0x40020814

   \                                 In section .text, align 4
   \   __interwork __vfp void RegisterBase<1073872916U, 32U, ReadWriteMode>::Toggle<ReadWriteMode, void>(uint32_t)
   \                     _ZN12RegisterBaseILj1073872916ELj32E13ReadWriteModeE6ToggleIS0_vEEvj: (+1)
   \        0x0   0x4902             LDR.N    R1,??Toggle_1    ;; 0x40020014
   \        0x2   0x680A             LDR      R2,[R1, #+0]
   \        0x4   0x4050             EORS     R0,R0,R2
   \        0x6   0x6008             STR      R0,[R1, #+0]
   \        0x8   0x4770             BX       LR               ;; return
   \        0xA   0xBF00             Nop      
   \                     ??Toggle_1:
   \        0xC   0x4002'0014        DC32     0x40020014

   \                                 In section .text, align 4
   \   __interwork __vfp uint32_t RegisterBase<1073874944U, 32U, ReadWriteMode>::Get<ReadWriteMode, void>()
   \                     _ZN12RegisterBaseILj1073874944ELj32E13ReadWriteModeE3GetIS0_vEEjv: (+1)
   \        0x0   0x4801             LDR.N    R0,??Get_0       ;; 0x40020800
   \        0x2   0x6800             LDR      R0,[R0, #+0]
   \        0x4   0x4770             BX       LR               ;; return
   \        0x6   0xBF00             Nop      
   \                     ??Get_0:
   \        0x8   0x4002'0800        DC32     0x40020800

   \                                 In section .text, align 4
   \   __interwork __vfp uint32_t RegisterBase<1073874960U, 32U, ReadMode>::Get<ReadMode, void>()
   \                     _ZN12RegisterBaseILj1073874960ELj32E8ReadModeE3GetIS0_vEEjv: (+1)
   \        0x0   0x4801             LDR.N    R0,??Get_1       ;; 0x40020810
   \        0x2   0x6800             LDR      R0,[R0, #+0]
   \        0x4   0x4770             BX       LR               ;; return
   \        0x6   0xBF00             Nop      
   \                     ??Get_1:
   \        0x8   0x4002'0810        DC32     0x40020810

   \                                 In section .text, align 4
   \   __interwork __vfp uint32_t RegisterBase<1073872896U, 32U, ReadWriteMode>::Get<ReadWriteMode, void>()
   \                     _ZN12RegisterBaseILj1073872896ELj32E13ReadWriteModeE3GetIS0_vEEjv: (+1)
   \        0x0   0x4801             LDR.N    R0,??Get_2       ;; 0x40020000
   \        0x2   0x6800             LDR      R0,[R0, #+0]
   \        0x4   0x4770             BX       LR               ;; return
   \        0x6   0xBF00             Nop      
   \                     ??Get_2:
   \        0x8   0x4002'0000        DC32     0x40020000

   \                                 In section .text, align 4
   \   __interwork __vfp uint32_t RegisterBase<1073872912U, 32U, ReadMode>::Get<ReadMode, void>()
   \                     _ZN12RegisterBaseILj1073872912ELj32E8ReadModeE3GetIS0_vEEjv: (+1)
   \        0x0   0x4801             LDR.N    R0,??Get_3       ;; 0x40020010
   \        0x2   0x6800             LDR      R0,[R0, #+0]
   \        0x4   0x4770             BX       LR               ;; return
   \        0x6   0xBF00             Nop      
   \                     ??Get_3:
   \        0x8   0x4002'0010        DC32     0x40020010

   \                                 In section .text, align 2
   \   __interwork __vfp void Port<GPIOC>::Toggle(uint8_t)
   \                     _ZN4PortI5GPIOCE6ToggleEh: (+1)
   \        0x0   0xB580             PUSH     {R7,LR}
   \        0x2   0x0008             MOVS     R0,R1
   \        0x4   0x2101             MOVS     R1,#+1
   \        0x6   0xFA11 0xF000      LSLS     R0,R1,R0
   \        0xA   0x....'....        BL       _ZN12RegisterBaseILj1073874964ELj32E13ReadWriteModeE6ToggleIS0_vEEvj
   \        0xE   0xBD01             POP      {R0,PC}          ;; return

   \                                 In section .text, align 2
   \   __interwork __vfp void Port<GPIOA>::Toggle(uint8_t)
   \                     _ZN4PortI5GPIOAE6ToggleEh: (+1)
   \        0x0   0xB580             PUSH     {R7,LR}
   \        0x2   0x0008             MOVS     R0,R1
   \        0x4   0x2101             MOVS     R1,#+1
   \        0x6   0xFA11 0xF000      LSLS     R0,R1,R0
   \        0xA   0x....'....        BL       _ZN12RegisterBaseILj1073872916ELj32E13ReadWriteModeE6ToggleIS0_vEEvj
   \        0xE   0xBD01             POP      {R0,PC}          ;; return

   \                                 In section .text, align 2
   \   __interwork __vfp bool Port<GPIOC>::IsSet(uint8_t)
   \                     _ZN4PortI5GPIOCE5IsSetEh: (+1)
   \        0x0   0xB510             PUSH     {R4,LR}
   \        0x2   0x000C             MOVS     R4,R1
   \        0x4   0x....'....        BL       _ZN12RegisterBaseILj1073874960ELj32E8ReadModeE3GetIS0_vEEjv
   \        0x8   0x40E0             LSRS     R0,R0,R4
   \        0xA   0xF010 0x0001      ANDS     R0,R0,#0x1
   \        0xE   0xBD10             POP      {R4,PC}          ;; return

   \                                 In section .text, align 2
   \   __interwork __vfp bool Port<GPIOA>::IsSet(uint8_t)
   \                     _ZN4PortI5GPIOAE5IsSetEh: (+1)
   \        0x0   0xB510             PUSH     {R4,LR}
   \        0x2   0x000C             MOVS     R4,R1
   \        0x4   0x....'....        BL       _ZN12RegisterBaseILj1073872912ELj32E8ReadModeE3GetIS0_vEEjv
   \        0x8   0x40E0             LSRS     R0,R0,R4
   \        0xA   0xF010 0x0001      ANDS     R0,R0,#0x1
   \        0xE   0xBD10             POP      {R4,PC}          ;; return

   \                                 In section .text, align 2
   \   __interwork __vfp uint32_t Port<GPIOC>::Get()
   \                     _ZN4PortI5GPIOCE3GetEv: (+1)
   \        0x0   0xB580             PUSH     {R7,LR}
   \        0x2   0x....'....        BL       _ZN12RegisterBaseILj1073874960ELj32E8ReadModeE3GetIS0_vEEjv
   \        0x6   0xBD02             POP      {R1,PC}          ;; return

   \                                 In section .text, align 2
   \   __interwork __vfp uint32_t Port<GPIOA>::Get()
   \                     _ZN4PortI5GPIOAE3GetEv: (+1)
   \        0x0   0xB580             PUSH     {R7,LR}
   \        0x2   0x....'....        BL       _ZN12RegisterBaseILj1073872912ELj32E8ReadModeE3GetIS0_vEEjv
   \        0x6   0xBD02             POP      {R1,PC}          ;; return

   \                                 In section .text, align 2
   \   __interwork __vfp void Port<GPIOC>::Write(uint32_t)
   \                     _ZN4PortI5GPIOCE5WriteEj: (+1)
   \        0x0   0xB580             PUSH     {R7,LR}
   \        0x2   0x0008             MOVS     R0,R1
   \        0x4   0x....'....        BL       _ZN12RegisterBaseILj1073874964ELj32E13ReadWriteModeE5WriteIS0_vEEvj
   \        0x8   0xBD01             POP      {R0,PC}          ;; return

   \                                 In section .text, align 2
   \   __interwork __vfp void Port<GPIOA>::Write(uint32_t)
   \                     _ZN4PortI5GPIOAE5WriteEj: (+1)
   \        0x0   0xB580             PUSH     {R7,LR}
   \        0x2   0x0008             MOVS     R0,R1
   \        0x4   0x....'....        BL       _ZN12RegisterBaseILj1073872916ELj32E13ReadWriteModeE5WriteIS0_vEEvj
   \        0x8   0xBD01             POP      {R0,PC}          ;; return

   \                                 In section .text, align 2
   \   __interwork __vfp void Port<GPIOC>::Set(uint32_t)
   \                     _ZN4PortI5GPIOCE3SetEj: (+1)
   \        0x0   0xB580             PUSH     {R7,LR}
   \        0x2   0x0008             MOVS     R0,R1
   \        0x4   0x....'....        BL       _ZN12RegisterBaseILj1073874968ELj32E9WriteModeE5WriteIS0_vEEvj
   \        0x8   0xBD01             POP      {R0,PC}          ;; return

   \                                 In section .text, align 2
   \   __interwork __vfp void Port<GPIOA>::Set(uint32_t)
   \                     _ZN4PortI5GPIOAE3SetEj: (+1)
   \        0x0   0xB580             PUSH     {R7,LR}
   \        0x2   0x0008             MOVS     R0,R1
   \        0x4   0x....'....        BL       _ZN12RegisterBaseILj1073872920ELj32E9WriteModeE5WriteIS0_vEEvj
   \        0x8   0xBD01             POP      {R0,PC}          ;; return

   \                                 In section .text, align 2
   \   __interwork __vfp void Port<GPIOC>::Reset(uint32_t)
   \                     _ZN4PortI5GPIOCE5ResetEj: (+1)
   \        0x0   0xB580             PUSH     {R7,LR}
   \        0x2   0x0008             MOVS     R0,R1
   \        0x4   0x0400             LSLS     R0,R0,#+16
   \        0x6   0x....'....        BL       _ZN12RegisterBaseILj1073874968ELj32E9WriteModeE5WriteIS0_vEEvj
   \        0xA   0xBD01             POP      {R0,PC}          ;; return

   \                                 In section .text, align 2
   \   __interwork __vfp void Port<GPIOA>::Reset(uint32_t)
   \                     _ZN4PortI5GPIOAE5ResetEj: (+1)
   \        0x0   0xB580             PUSH     {R7,LR}
   \        0x2   0x0008             MOVS     R0,R1
   \        0x4   0x0400             LSLS     R0,R0,#+16
   \        0x6   0x....'....        BL       _ZN12RegisterBaseILj1073872920ELj32E9WriteModeE5WriteIS0_vEEvj
   \        0xA   0xBD01             POP      {R0,PC}          ;; return

   \                                 In section .text, align 2
   \   __interwork __vfp void Port<GPIOC>::ModeSet(uint8_t, Moder)
   \                     _ZN4PortI5GPIOCE7ModeSetEh5Moder: (+1)
   \        0x0   0xB538             PUSH     {R3-R5,LR}
   \        0x2   0x000C             MOVS     R4,R1
   \        0x4   0x0015             MOVS     R5,R2
   \        0x6   0x....'....        BL       _ZN12RegisterBaseILj1073874944ELj32E13ReadWriteModeE3GetIS0_vEEjv
   \        0xA   0x2203             MOVS     R2,#+3
   \        0xC   0xB2E4             UXTB     R4,R4            ;; ZeroExt  R4,R4,#+24,#+24
   \        0xE   0x0061             LSLS     R1,R4,#+1
   \       0x10   0x408A             LSLS     R2,R2,R1
   \       0x12   0x4390             BICS     R0,R0,R2
   \       0x14   0xB2ED             UXTB     R5,R5            ;; ZeroExt  R5,R5,#+24,#+24
   \       0x16   0xB2E4             UXTB     R4,R4            ;; ZeroExt  R4,R4,#+24,#+24
   \       0x18   0x0061             LSLS     R1,R4,#+1
   \       0x1A   0x408D             LSLS     R5,R5,R1
   \       0x1C   0x4305             ORRS     R5,R5,R0
   \       0x1E   0x0028             MOVS     R0,R5
   \       0x20   0x....'....        BL       _ZN12RegisterBaseILj1073874944ELj32E13ReadWriteModeE5WriteIS0_vEEvj
   \       0x24   0xBD31             POP      {R0,R4,R5,PC}    ;; return

   \                                 In section .text, align 2
   \   __interwork __vfp void Port<GPIOA>::ModeSet(uint8_t, Moder)
   \                     _ZN4PortI5GPIOAE7ModeSetEh5Moder: (+1)
   \        0x0   0xB538             PUSH     {R3-R5,LR}
   \        0x2   0x000C             MOVS     R4,R1
   \        0x4   0x0015             MOVS     R5,R2
   \        0x6   0x....'....        BL       _ZN12RegisterBaseILj1073872896ELj32E13ReadWriteModeE3GetIS0_vEEjv
   \        0xA   0x2203             MOVS     R2,#+3
   \        0xC   0xB2E4             UXTB     R4,R4            ;; ZeroExt  R4,R4,#+24,#+24
   \        0xE   0x0061             LSLS     R1,R4,#+1
   \       0x10   0x408A             LSLS     R2,R2,R1
   \       0x12   0x4390             BICS     R0,R0,R2
   \       0x14   0xB2ED             UXTB     R5,R5            ;; ZeroExt  R5,R5,#+24,#+24
   \       0x16   0xB2E4             UXTB     R4,R4            ;; ZeroExt  R4,R4,#+24,#+24
   \       0x18   0x0061             LSLS     R1,R4,#+1
   \       0x1A   0x408D             LSLS     R5,R5,R1
   \       0x1C   0x4305             ORRS     R5,R5,R0
   \       0x1E   0x0028             MOVS     R0,R5
   \       0x20   0x....'....        BL       _ZN12RegisterBaseILj1073872896ELj32E13ReadWriteModeE5WriteIS0_vEEvj
   \       0x24   0xBD31             POP      {R0,R4,R5,PC}    ;; return

   \                                 In section .text, align 2
   \   __interwork __vfp void Port<GPIOC>::Enable()
   \                     _ZN4PortI5GPIOCE6EnableEv: (+1)
   \        0x0   0xB580             PUSH     {R7,LR}
   \        0x2   0x....'....        BL       _ZN14FieldValueBaseI26RCC_AHB1ENR_GPIOCEN_ValuesIN3RCC7AHB1ENRELj2ELj1E13ReadWriteModeNS1_14RCCAHB1ENRBaseEES4_Lj1EE3SetIS3_vEEvv
   \        0x6   0xBD01             POP      {R0,PC}          ;; return

   \                                 In section .text, align 2
   \   __interwork __vfp void Port<GPIOA>::Enable()
   \                     _ZN4PortI5GPIOAE6EnableEv: (+1)
   \        0x0   0xB580             PUSH     {R7,LR}
   \        0x2   0x....'....        BL       _ZN14FieldValueBaseI26RCC_AHB1ENR_GPIOAEN_ValuesIN3RCC7AHB1ENRELj0ELj1E13ReadWriteModeNS1_14RCCAHB1ENRBaseEES4_Lj1EE3SetIS3_vEEvv
   \        0x6   0xBD01             POP      {R0,PC}          ;; return

   \                                 In section .text, align 2
   \   __interwork __vfp void Port<GPIOC>::Disable()
   \                     _ZN4PortI5GPIOCE7DisableEv: (+1)
   \        0x0   0xB580             PUSH     {R7,LR}
   \        0x2   0x....'....        BL       _ZN14FieldValueBaseI26RCC_AHB1ENR_GPIOCEN_ValuesIN3RCC7AHB1ENRELj2ELj1E13ReadWriteModeNS1_14RCCAHB1ENRBaseEES4_Lj0EE3SetIS3_vEEvv
   \        0x6   0xBD01             POP      {R0,PC}          ;; return

   \                                 In section .text, align 2
   \   __interwork __vfp void Port<GPIOA>::Disable()
   \                     _ZN4PortI5GPIOAE7DisableEv: (+1)
   \        0x0   0xB580             PUSH     {R7,LR}
   \        0x2   0x....'....        BL       _ZN14FieldValueBaseI26RCC_AHB1ENR_GPIOAEN_ValuesIN3RCC7AHB1ENRELj0ELj1E13ReadWriteModeNS1_14RCCAHB1ENRBaseEES4_Lj0EE3SetIS3_vEEvv
   \        0x6   0xBD01             POP      {R0,PC}          ;; return

   \                                 In section .text, align 2
   \   __interwork __vfp bool Port<GPIOC>::IsEnable()
   \                     _ZN4PortI5GPIOCE8IsEnableEv: (+1)
   \        0x0   0xB580             PUSH     {R7,LR}
   \        0x2   0x....'....        BL       _ZN14FieldValueBaseI26RCC_AHB1ENR_GPIOCEN_ValuesIN3RCC7AHB1ENRELj2ELj1E13ReadWriteModeNS1_14RCCAHB1ENRBaseEES4_Lj1EE5IsSetIS3_vEEbv
   \        0x6   0xBD02             POP      {R1,PC}          ;; return

   \                                 In section .text, align 2
   \   __interwork __vfp bool Port<GPIOA>::IsEnable()
   \                     _ZN4PortI5GPIOAE8IsEnableEv: (+1)
   \        0x0   0xB580             PUSH     {R7,LR}
   \        0x2   0x....'....        BL       _ZN14FieldValueBaseI26RCC_AHB1ENR_GPIOAEN_ValuesIN3RCC7AHB1ENRELj0ELj1E13ReadWriteModeNS1_14RCCAHB1ENRBaseEES4_Lj1EE5IsSetIS3_vEEbv
   \        0x6   0xBD02             POP      {R1,PC}          ;; return

   \                                 In section .data, align 4
   \   __absolute Port<GPIOC> portC
   \                     portC:
   \        0x0   0x....'....        DC32 _ZTV4PortI5GPIOCE + 0x8

   \                                 In section .data, align 4
   \   __absolute Port<GPIOA> portA
   \                     portA:
   \        0x0   0x....'....        DC32 _ZTV4PortI5GPIOAE + 0x8

   \                                 In section .text, align 4, keep-with-next
   \   static __intrinsic __interwork __vfp void __sti__routine()
   \                     __sti__routine: (+1)
   \        0x0   0xB580             PUSH     {R7,LR}
   \        0x2   0x4921             LDR.N    R1,??__sti__routine_0
   \        0x4   0x7808             LDRB     R0,[R1, #+0]
   \        0x6   0x2800             CMP      R0,#+0
   \        0x8   0xD106             BNE.N    ??__sti__routine_1
   \        0xA   0x2001             MOVS     R0,#+1
   \        0xC   0x7008             STRB     R0,[R1, #+0]
   \        0xE   0x4A1F             LDR.N    R2,??__sti__routine_0+0x4
   \       0x10   0x2105             MOVS     R1,#+5
   \       0x12   0x481F             LDR.N    R0,??__sti__routine_0+0x8
   \       0x14   0x....'....        BL       _ZN3PinC1EhR5IPort
   \                     ??__sti__routine_1: (+1)
   \       0x18   0x491E             LDR.N    R1,??__sti__routine_0+0xC
   \       0x1A   0x7808             LDRB     R0,[R1, #+0]
   \       0x1C   0x2800             CMP      R0,#+0
   \       0x1E   0xD106             BNE.N    ??__sti__routine_2
   \       0x20   0x2001             MOVS     R0,#+1
   \       0x22   0x7008             STRB     R0,[R1, #+0]
   \       0x24   0x4A1C             LDR.N    R2,??__sti__routine_0+0x10
   \       0x26   0x2109             MOVS     R1,#+9
   \       0x28   0x481C             LDR.N    R0,??__sti__routine_0+0x14
   \       0x2A   0x....'....        BL       _ZN3PinC1EhR5IPort
   \                     ??__sti__routine_2: (+1)
   \       0x2E   0x491C             LDR.N    R1,??__sti__routine_0+0x18
   \       0x30   0x7808             LDRB     R0,[R1, #+0]
   \       0x32   0x2800             CMP      R0,#+0
   \       0x34   0xD106             BNE.N    ??__sti__routine_3
   \       0x36   0x2001             MOVS     R0,#+1
   \       0x38   0x7008             STRB     R0,[R1, #+0]
   \       0x3A   0x4A17             LDR.N    R2,??__sti__routine_0+0x10
   \       0x3C   0x2108             MOVS     R1,#+8
   \       0x3E   0x4819             LDR.N    R0,??__sti__routine_0+0x1C
   \       0x40   0x....'....        BL       _ZN3PinC1EhR5IPort
   \                     ??__sti__routine_3: (+1)
   \       0x44   0x4918             LDR.N    R1,??__sti__routine_0+0x20
   \       0x46   0x7808             LDRB     R0,[R1, #+0]
   \       0x48   0x2800             CMP      R0,#+0
   \       0x4A   0xD106             BNE.N    ??__sti__routine_4
   \       0x4C   0x2001             MOVS     R0,#+1
   \       0x4E   0x7008             STRB     R0,[R1, #+0]
   \       0x50   0x4A11             LDR.N    R2,??__sti__routine_0+0x10
   \       0x52   0x2105             MOVS     R1,#+5
   \       0x54   0x4815             LDR.N    R0,??__sti__routine_0+0x24
   \       0x56   0x....'....        BL       _ZN3PinC1EhR5IPort
   \                     ??__sti__routine_4: (+1)
   \       0x5A   0x4915             LDR.N    R1,??__sti__routine_0+0x28
   \       0x5C   0x7808             LDRB     R0,[R1, #+0]
   \       0x5E   0x2800             CMP      R0,#+0
   \       0x60   0xD106             BNE.N    ??__sti__routine_5
   \       0x62   0x2001             MOVS     R0,#+1
   \       0x64   0x7008             STRB     R0,[R1, #+0]
   \       0x66   0x4A0C             LDR.N    R2,??__sti__routine_0+0x10
   \       0x68   0x210D             MOVS     R1,#+13
   \       0x6A   0x4812             LDR.N    R0,??__sti__routine_0+0x2C
   \       0x6C   0x....'....        BL       _ZN3PinC1EhR5IPort
   \                     ??__sti__routine_5: (+1)
   \       0x70   0x4911             LDR.N    R1,??__sti__routine_0+0x30
   \       0x72   0x7808             LDRB     R0,[R1, #+0]
   \       0x74   0x2800             CMP      R0,#+0
   \       0x76   0xD105             BNE.N    ??__sti__routine_6
   \       0x78   0x2001             MOVS     R0,#+1
   \       0x7A   0x7008             STRB     R0,[R1, #+0]
   \       0x7C   0x490D             LDR.N    R1,??__sti__routine_0+0x2C
   \       0x7E   0x480F             LDR.N    R0,??__sti__routine_0+0x34
   \       0x80   0x....'....        BL       _ZN6ButtonC1ER10IButtonPin
   \                     ??__sti__routine_6: (+1)
   \       0x84   0xBD01             POP      {R0,PC}          ;; return
   \       0x86   0xBF00             Nop      
   \                     ??__sti__routine_0:
   \       0x88   0x....'....        DC32     _ZGV7pinLed1
   \       0x8C   0x....'....        DC32     portA
   \       0x90   0x....'....        DC32     pinLed1
   \       0x94   0x....'....        DC32     _ZGV7pinLed2
   \       0x98   0x....'....        DC32     portC
   \       0x9C   0x....'....        DC32     pinLed2
   \       0xA0   0x....'....        DC32     _ZGV7pinLed3
   \       0xA4   0x....'....        DC32     pinLed3
   \       0xA8   0x....'....        DC32     _ZGV7pinLed4
   \       0xAC   0x....'....        DC32     pinLed4
   \       0xB0   0x....'....        DC32     _ZGV9pinButton
   \       0xB4   0x....'....        DC32     pinButton
   \       0xB8   0x....'....        DC32     _ZGV6button
   \       0xBC   0x....'....        DC32     button

   \                                 In section .bss, align 4
   \   __absolute Pin pinLed1
   \                     pinLed1:
   \        0x0                      DS8 16

   \                                 In section .bss, align 4
   \   __absolute Pin pinLed2
   \                     pinLed2:
   \        0x0                      DS8 16

   \                                 In section .bss, align 4
   \   __absolute Pin pinLed3
   \                     pinLed3:
   \        0x0                      DS8 16

   \                                 In section .bss, align 4
   \   __absolute Pin pinLed4
   \                     pinLed4:
   \        0x0                      DS8 16

   \                                 In section .bss, align 4
   \   __absolute Pin pinButton
   \                     pinButton:
   \        0x0                      DS8 16

   \                                 In section .bss, align 4
   \   __absolute Button button
   \                     button:
   \        0x0                      DS8 4

   \                                 In section .bss, align 1
   \   __absolute bool flagIndicatorSwitch
   \                     flagIndicatorSwitch:
   \        0x0                      DS8 1
      2          

   Maximum stack usage in bytes:

   .cstack Function
   ------- --------
       0   FieldValueBase<RCC_AHB1ENR_GPIOAEN_Values<RCC::AHB1ENR, 0U, 1U, ReadWriteMode, RCC::RCCAHB1ENRBase>, RCC::RCCAHB1ENRBase, 0U>::Set<ReadWriteMode, void>()
       0   FieldValueBase<RCC_AHB1ENR_GPIOAEN_Values<RCC::AHB1ENR, 0U, 1U, ReadWriteMode, RCC::RCCAHB1ENRBase>, RCC::RCCAHB1ENRBase, 1U>::IsSet<ReadWriteMode, void>()
       0   FieldValueBase<RCC_AHB1ENR_GPIOAEN_Values<RCC::AHB1ENR, 0U, 1U, ReadWriteMode, RCC::RCCAHB1ENRBase>, RCC::RCCAHB1ENRBase, 1U>::Set<ReadWriteMode, void>()
       0   FieldValueBase<RCC_AHB1ENR_GPIOCEN_Values<RCC::AHB1ENR, 2U, 1U, ReadWriteMode, RCC::RCCAHB1ENRBase>, RCC::RCCAHB1ENRBase, 0U>::Set<ReadWriteMode, void>()
       0   FieldValueBase<RCC_AHB1ENR_GPIOCEN_Values<RCC::AHB1ENR, 2U, 1U, ReadWriteMode, RCC::RCCAHB1ENRBase>, RCC::RCCAHB1ENRBase, 1U>::IsSet<ReadWriteMode, void>()
       0   FieldValueBase<RCC_AHB1ENR_GPIOCEN_Values<RCC::AHB1ENR, 2U, 1U, ReadWriteMode, RCC::RCCAHB1ENRBase>, RCC::RCCAHB1ENRBase, 1U>::Set<ReadWriteMode, void>()
       8   Port<GPIOA>::Disable()
         8   -> FieldValueBase<RCC_AHB1ENR_GPIOAEN_Values<RCC::AHB1ENR, 0U, 1U, ReadWriteMode, RCC::RCCAHB1ENRBase>, RCC::RCCAHB1ENRBase, 0U>::Set<ReadWriteMode, void>()
       8   Port<GPIOA>::Enable()
         8   -> FieldValueBase<RCC_AHB1ENR_GPIOAEN_Values<RCC::AHB1ENR, 0U, 1U, ReadWriteMode, RCC::RCCAHB1ENRBase>, RCC::RCCAHB1ENRBase, 1U>::Set<ReadWriteMode, void>()
       8   Port<GPIOA>::Get()
         8   -> RegisterBase<1073872912U, 32U, ReadMode>::Get<ReadMode, void>()
       8   Port<GPIOA>::IsEnable()
         8   -> FieldValueBase<RCC_AHB1ENR_GPIOAEN_Values<RCC::AHB1ENR, 0U, 1U, ReadWriteMode, RCC::RCCAHB1ENRBase>, RCC::RCCAHB1ENRBase, 1U>::IsSet<ReadWriteMode, void>()
       8   Port<GPIOA>::IsSet(uint8_t)
         8   -> RegisterBase<1073872912U, 32U, ReadMode>::Get<ReadMode, void>()
      16   Port<GPIOA>::ModeSet(uint8_t, Moder)
        16   -> RegisterBase<1073872896U, 32U, ReadWriteMode>::Get<ReadWriteMode, void>()
        16   -> RegisterBase<1073872896U, 32U, ReadWriteMode>::Write<ReadWriteMode, void>(uint32_t)
       8   Port<GPIOA>::Reset(uint32_t)
         8   -> RegisterBase<1073872920U, 32U, WriteMode>::Write<WriteMode, void>(uint32_t)
       8   Port<GPIOA>::Set(uint32_t)
         8   -> RegisterBase<1073872920U, 32U, WriteMode>::Write<WriteMode, void>(uint32_t)
       8   Port<GPIOA>::Toggle(uint8_t)
         8   -> RegisterBase<1073872916U, 32U, ReadWriteMode>::Toggle<ReadWriteMode, void>(uint32_t)
       8   Port<GPIOA>::Write(uint32_t)
         8   -> RegisterBase<1073872916U, 32U, ReadWriteMode>::Write<ReadWriteMode, void>(uint32_t)
       8   Port<GPIOC>::Disable()
         8   -> FieldValueBase<RCC_AHB1ENR_GPIOCEN_Values<RCC::AHB1ENR, 2U, 1U, ReadWriteMode, RCC::RCCAHB1ENRBase>, RCC::RCCAHB1ENRBase, 0U>::Set<ReadWriteMode, void>()
       8   Port<GPIOC>::Enable()
         8   -> FieldValueBase<RCC_AHB1ENR_GPIOCEN_Values<RCC::AHB1ENR, 2U, 1U, ReadWriteMode, RCC::RCCAHB1ENRBase>, RCC::RCCAHB1ENRBase, 1U>::Set<ReadWriteMode, void>()
       8   Port<GPIOC>::Get()
         8   -> RegisterBase<1073874960U, 32U, ReadMode>::Get<ReadMode, void>()
       8   Port<GPIOC>::IsEnable()
         8   -> FieldValueBase<RCC_AHB1ENR_GPIOCEN_Values<RCC::AHB1ENR, 2U, 1U, ReadWriteMode, RCC::RCCAHB1ENRBase>, RCC::RCCAHB1ENRBase, 1U>::IsSet<ReadWriteMode, void>()
       8   Port<GPIOC>::IsSet(uint8_t)
         8   -> RegisterBase<1073874960U, 32U, ReadMode>::Get<ReadMode, void>()
      16   Port<GPIOC>::ModeSet(uint8_t, Moder)
        16   -> RegisterBase<1073874944U, 32U, ReadWriteMode>::Get<ReadWriteMode, void>()
        16   -> RegisterBase<1073874944U, 32U, ReadWriteMode>::Write<ReadWriteMode, void>(uint32_t)
       8   Port<GPIOC>::Reset(uint32_t)
         8   -> RegisterBase<1073874968U, 32U, WriteMode>::Write<WriteMode, void>(uint32_t)
       8   Port<GPIOC>::Set(uint32_t)
         8   -> RegisterBase<1073874968U, 32U, WriteMode>::Write<WriteMode, void>(uint32_t)
       8   Port<GPIOC>::Toggle(uint8_t)
         8   -> RegisterBase<1073874964U, 32U, ReadWriteMode>::Toggle<ReadWriteMode, void>(uint32_t)
       8   Port<GPIOC>::Write(uint32_t)
         8   -> RegisterBase<1073874964U, 32U, ReadWriteMode>::Write<ReadWriteMode, void>(uint32_t)
       0   RegisterBase<1073872896U, 32U, ReadWriteMode>::Get<ReadWriteMode, void>()
       0   RegisterBase<1073872896U, 32U, ReadWriteMode>::Write<ReadWriteMode, void>(uint32_t)
       0   RegisterBase<1073872912U, 32U, ReadMode>::Get<ReadMode, void>()
       0   RegisterBase<1073872916U, 32U, ReadWriteMode>::Toggle<ReadWriteMode, void>(uint32_t)
       0   RegisterBase<1073872916U, 32U, ReadWriteMode>::Write<ReadWriteMode, void>(uint32_t)
       0   RegisterBase<1073872920U, 32U, WriteMode>::Write<WriteMode, void>(uint32_t)
       0   RegisterBase<1073874944U, 32U, ReadWriteMode>::Get<ReadWriteMode, void>()
       0   RegisterBase<1073874944U, 32U, ReadWriteMode>::Write<ReadWriteMode, void>(uint32_t)
       0   RegisterBase<1073874960U, 32U, ReadMode>::Get<ReadMode, void>()
       0   RegisterBase<1073874964U, 32U, ReadWriteMode>::Toggle<ReadWriteMode, void>(uint32_t)
       0   RegisterBase<1073874964U, 32U, ReadWriteMode>::Write<ReadWriteMode, void>(uint32_t)
       0   RegisterBase<1073874968U, 32U, WriteMode>::Write<WriteMode, void>(uint32_t)
       8   __sti__routine()
         8   -> Button::Button(IButtonPin &)
         8   -> Pin::Pin(uint8_t, IPort &)


   Section sizes:

   Bytes  Function/Label
   -----  --------------
      16  FieldValueBase<RCC_AHB1ENR_GPIOAEN_Values<RCC::AHB1ENR, 0U, 1U, ReadWriteMode, RCC::RCCAHB1ENRBase>, RCC::RCCAHB1ENRBase, 0U>::Set<ReadWriteMode, void>()
      16  FieldValueBase<RCC_AHB1ENR_GPIOAEN_Values<RCC::AHB1ENR, 0U, 1U, ReadWriteMode, RCC::RCCAHB1ENRBase>, RCC::RCCAHB1ENRBase, 1U>::IsSet<ReadWriteMode, void>()
      20  FieldValueBase<RCC_AHB1ENR_GPIOAEN_Values<RCC::AHB1ENR, 0U, 1U, ReadWriteMode, RCC::RCCAHB1ENRBase>, RCC::RCCAHB1ENRBase, 1U>::Set<ReadWriteMode, void>()
      16  FieldValueBase<RCC_AHB1ENR_GPIOCEN_Values<RCC::AHB1ENR, 2U, 1U, ReadWriteMode, RCC::RCCAHB1ENRBase>, RCC::RCCAHB1ENRBase, 0U>::Set<ReadWriteMode, void>()
      16  FieldValueBase<RCC_AHB1ENR_GPIOCEN_Values<RCC::AHB1ENR, 2U, 1U, ReadWriteMode, RCC::RCCAHB1ENRBase>, RCC::RCCAHB1ENRBase, 1U>::IsSet<ReadWriteMode, void>()
      20  FieldValueBase<RCC_AHB1ENR_GPIOCEN_Values<RCC::AHB1ENR, 2U, 1U, ReadWriteMode, RCC::RCCAHB1ENRBase>, RCC::RCCAHB1ENRBase, 1U>::Set<ReadWriteMode, void>()
       8  Port<GPIOA>::Disable()
       8  Port<GPIOA>::Enable()
       8  Port<GPIOA>::Get()
       8  Port<GPIOA>::IsEnable()
      16  Port<GPIOA>::IsSet(uint8_t)
      38  Port<GPIOA>::ModeSet(uint8_t, Moder)
      12  Port<GPIOA>::Reset(uint32_t)
      10  Port<GPIOA>::Set(uint32_t)
      16  Port<GPIOA>::Toggle(uint8_t)
      10  Port<GPIOA>::Write(uint32_t)
       8  Port<GPIOC>::Disable()
       8  Port<GPIOC>::Enable()
       8  Port<GPIOC>::Get()
       8  Port<GPIOC>::IsEnable()
      16  Port<GPIOC>::IsSet(uint8_t)
      38  Port<GPIOC>::ModeSet(uint8_t, Moder)
      12  Port<GPIOC>::Reset(uint32_t)
      10  Port<GPIOC>::Set(uint32_t)
      16  Port<GPIOC>::Toggle(uint8_t)
      10  Port<GPIOC>::Write(uint32_t)
      12  RegisterBase<1073872896U, 32U, ReadWriteMode>::Get<ReadWriteMode, void>()
      12  RegisterBase<1073872896U, 32U, ReadWriteMode>::Write<ReadWriteMode, void>(uint32_t)
      12  RegisterBase<1073872912U, 32U, ReadMode>::Get<ReadMode, void>()
      16  RegisterBase<1073872916U, 32U, ReadWriteMode>::Toggle<ReadWriteMode, void>(uint32_t)
      12  RegisterBase<1073872916U, 32U, ReadWriteMode>::Write<ReadWriteMode, void>(uint32_t)
      12  RegisterBase<1073872920U, 32U, WriteMode>::Write<WriteMode, void>(uint32_t)
      12  RegisterBase<1073874944U, 32U, ReadWriteMode>::Get<ReadWriteMode, void>()
      12  RegisterBase<1073874944U, 32U, ReadWriteMode>::Write<ReadWriteMode, void>(uint32_t)
      12  RegisterBase<1073874960U, 32U, ReadMode>::Get<ReadMode, void>()
      16  RegisterBase<1073874964U, 32U, ReadWriteMode>::Toggle<ReadWriteMode, void>(uint32_t)
      12  RegisterBase<1073874964U, 32U, ReadWriteMode>::Write<ReadWriteMode, void>(uint32_t)
      12  RegisterBase<1073874968U, 32U, WriteMode>::Write<WriteMode, void>(uint32_t)
     192  __sti__routine()
       4  button
       1  flagIndicatorSwitch
      16  pinButton
      16  pinLed1
      16  pinLed2
      16  pinLed3
      16  pinLed4
       4  portA
       4  portC
       1  std::chrono::steady_clock::is_steady
       1  std::chrono::system_clock::is_monotonic
       1  std::chrono::system_clock::is_steady
     202  -- Other

 
  91 bytes in section .bss
   8 bytes in section .data
   4 bytes in section .init_array
 195 bytes in section .rodata
 716 bytes in section .text
 
 196 bytes of CODE  memory (+ 524 bytes shared)
   0 bytes of CONST memory (+ 195 bytes shared)
   0 bytes of DATA  memory (+  99 bytes shared)

Errors: none
Warnings: 1
