###############################################################################
#
# IAR ANSI C/C++ Compiler V8.40.2.214/W32 for ARM         15/Apr/2021  22:07:44
# Copyright 1999-2019 IAR Systems AB.
#
#    Cpu mode     =  
#    Endian       =  little
#    Source file  =
#        C:\Users\@@@@@@@@\Documents\MyIARprojects\KursovoiK_\RtosWrapper\Application\Button\Button.cpp
#    Command line =
#        -f C:\Users\D13C~1\AppData\Local\Temp\EWF21D.tmp
#        (C:\Users\@@@@@@@@\Documents\MyIARprojects\KursovoiK_\RtosWrapper\Application\Button\Button.cpp
#        -lC
#        C:\Users\@@@@@@@@\Documents\MyIARprojects\KursovoiK_\RtosWrapper\Debug\List
#        -lA
#        C:\Users\@@@@@@@@\Documents\MyIARprojects\KursovoiK_\RtosWrapper\Debug\List
#        -o
#        C:\Users\@@@@@@@@\Documents\MyIARprojects\KursovoiK_\RtosWrapper\Debug\Obj
#        --no_cse --no_unroll --no_inline --no_code_motion --no_tbaa
#        --no_clustering --no_scheduling --debug --endian=little
#        --cpu=Cortex-M4 -e --fpu=VFPv4_sp --dlib_config "C:\Program Files
#        (x86)\IAR Systems\Embedded Workbench
#        8.3\arm\inc\c\DLib_Config_Normal.h" -I
#        C:\Users\@@@@@@@@\Documents\MyIARprojects\KursovoiK_\RtosWrapper\Rtos\
#        -I
#        C:\Users\@@@@@@@@\Documents\MyIARprojects\KursovoiK_\RtosWrapper\Rtos\wrapper\
#        -I
#        C:\Users\@@@@@@@@\Documents\MyIARprojects\KursovoiK_\RtosWrapper\Rtos\wrapper\FreeRtos\
#        -I
#        C:\Users\@@@@@@@@\Documents\MyIARprojects\KursovoiK_\RtosWrapper\Rtos\FreeRtos\
#        -I
#        C:\Users\@@@@@@@@\Documents\MyIARprojects\KursovoiK_\RtosWrapper\Rtos\FreeRtos\include\
#        -I
#        C:\Users\@@@@@@@@\Documents\MyIARprojects\KursovoiK_\RtosWrapper\Rtos\FreeRtos\portable\
#        -I
#        C:\Users\@@@@@@@@\Documents\MyIARprojects\KursovoiK_\RtosWrapper\Rtos\FreeRtos\portable\Common\
#        -I
#        C:\Users\@@@@@@@@\Documents\MyIARprojects\KursovoiK_\RtosWrapper\Rtos\FreeRtos\portable\IAR\
#        -I
#        C:\Users\@@@@@@@@\Documents\MyIARprojects\KursovoiK_\RtosWrapper\Rtos\FreeRtos\portable\IAR\ARM_CM4F\
#        -I
#        C:\Users\@@@@@@@@\Documents\MyIARprojects\KursovoiK_\RtosWrapper\Rtos\FreeRtos\portable\MemMang\
#        -I
#        C:\Users\@@@@@@@@\Documents\MyIARprojects\KursovoiK_\RtosWrapper\MyTasks\
#        -I
#        C:\Users\@@@@@@@@\Documents\MyIARprojects\KursovoiK_\RtosWrapper\Common\
#        -I
#        C:\Users\@@@@@@@@\Documents\MyIARprojects\KursovoiK_\RtosWrapper\CMSIS\
#        -I
#        C:\Users\@@@@@@@@\Documents\MyIARprojects\KursovoiK_\RtosWrapper\Application\
#        -I
#        C:\Users\@@@@@@@@\Documents\MyIARprojects\KursovoiK_\RtosWrapper\Application\Diagnostic\
#        -I
#        C:\Users\@@@@@@@@\Documents\MyIARprojects\KursovoiK_\RtosWrapper\AHardware\
#        -I
#        C:\Users\@@@@@@@@\Documents\MyIARprojects\KursovoiK_\RtosWrapper\AHardware\GpioPort\
#        -I
#        C:\Users\@@@@@@@@\Documents\MyIARprojects\KursovoiK_\RtosWrapper\AHardware\IrqController\
#        -I
#        C:\Users\@@@@@@@@\Documents\MyIARprojects\KursovoiK_\RtosWrapper\..\CortexLib\AbstractHardware\Pin\
#        -I
#        C:\Users\@@@@@@@@\Documents\MyIARprojects\KursovoiK_\RtosWrapper\..\CortexLib\AbstractHardware\Registers\STM32F411\FieldValues\
#        -I
#        C:\Users\@@@@@@@@\Documents\MyIARprojects\KursovoiK_\RtosWrapper\..\CortexLib\AbstractHardware\Registers\STM32F411\
#        -I
#        C:\Users\@@@@@@@@\Documents\MyIARprojects\KursovoiK_\RtosWrapper\..\CortexLib\AbstractHardware\Registers\
#        -I
#        C:\Users\@@@@@@@@\Documents\MyIARprojects\KursovoiK_\RtosWrapper\..\CortexLib\AbstractHardware\Port\
#        -I
#        C:\Users\@@@@@@@@\Documents\MyIARprojects\KursovoiK_\RtosWrapper\..\CortexLib\AbstractHardware\Atomic\
#        -I
#        C:\Users\@@@@@@@@\Documents\MyIARprojects\KursovoiK_\RtosWrapper\..\CortexLib\Common\
#        -I
#        C:\Users\@@@@@@@@\Documents\MyIARprojects\KursovoiK_\RtosWrapper\..\CortexLib\Common\Singleton\
#        -I
#        C:\Users\@@@@@@@@\Documents\MyIARprojects\KursovoiK_\RtosWrapper\..\CortexLib\Common\RomObject\
#        -I
#        C:\Users\@@@@@@@@\Documents\MyIARprojects\KursovoiK_\RtosWrapper\AHardware\Port\
#        -I
#        C:\Users\@@@@@@@@\Documents\MyIARprojects\KursovoiK_\RtosWrapper\AHardware\Pin\
#        -I
#        C:\Users\@@@@@@@@\Documents\MyIARprojects\KursovoiK_\RtosWrapper\Application\Button\
#        -I
#        C:\Users\@@@@@@@@\Documents\MyIARprojects\KursovoiK_\RtosWrapper\Application\Led\
#        -I
#        C:\Users\@@@@@@@@\Documents\MyIARprojects\KursovoiK_\RtosWrapper\Application\Measurement\
#        -I
#        C:\Users\@@@@@@@@\Documents\MyIARprojects\KursovoiK_\RtosWrapper\AHardware\USART\
#        -I
#        C:\Users\@@@@@@@@\Documents\MyIARprojects\KursovoiK_\RtosWrapper\..\CortexLib\AbstractHardware\Registers\CortexM4\
#        -I
#        C:\Users\@@@@@@@@\Documents\MyIARprojects\KursovoiK_\RtosWrapper\..\CortexLib\AbstractHardware\Registers\CortexM4\FieldValues\
#        -I
#        C:\Users\@@@@@@@@\Documents\MyIARprojects\KursovoiK_\RtosWrapper\AHardware\SPI\
#        -I
#        C:\Users\@@@@@@@@\Documents\MyIARprojects\KursovoiK_\RtosWrapper\AHardware\BME280Driver\
#        -On --c++ --no_exceptions --no_rtti)
#    Locale       =  C
#    List file    =
#        C:\Users\@@@@@@@@\Documents\MyIARprojects\KursovoiK_\RtosWrapper\Debug\List\Button.lst
#    Object file  =
#        C:\Users\@@@@@@@@\Documents\MyIARprojects\KursovoiK_\RtosWrapper\Debug\Obj\Button.o
#
###############################################################################

C:\Users\@@@@@@@@\Documents\MyIARprojects\KursovoiK_\RtosWrapper\Application\Button\Button.cpp
      1          #include "Button.h" 
Warning[Ms014]: some characters could not be correctly encoded in
          "C:\Users\@@@@@@@@\Documents\MyIARprojects\KursovoiK_\RtosWrapper\De
          bug\List\Button.s", and have been replaced with '@'. The first such
          character has unicode code point 0x41d ("@")

   \                                 In section .text, align 4
   \   __interwork __vfp void FieldValueBase<RCC_AHB1ENR_GPIOCEN_Values<RCC::AHB1ENR, 2U, 1U, ReadWriteMode, RCC::RCCAHB1ENRBase>, RCC::RCCAHB1ENRBase, 1U>::Set<ReadWriteMode, void>()
   \                     _ZN14FieldValueBaseI26RCC_AHB1ENR_GPIOCEN_ValuesIN3RCC7AHB1ENRELj2ELj1E13ReadWriteModeNS1_14RCCAHB1ENRBaseEES4_Lj1EE3SetIS3_vEEvv: (+1)
   \        0x0   0x4903             LDR.N    R1,??Set_0       ;; 0x40023830
   \        0x2   0x6808             LDR      R0,[R1, #+0]
   \        0x4   0xF030 0x0004      BICS     R0,R0,#0x4
   \        0x8   0xF050 0x0004      ORRS     R0,R0,#0x4
   \        0xC   0x6008             STR      R0,[R1, #+0]
   \        0xE   0x4770             BX       LR               ;; return
   \                     ??Set_0:
   \       0x10   0x4002'3830        DC32     0x40023830

   \                                 In section .text, align 4
   \   __interwork __vfp void FieldValueBase<RCC_AHB1ENR_GPIOCEN_Values<RCC::AHB1ENR, 2U, 1U, ReadWriteMode, RCC::RCCAHB1ENRBase>, RCC::RCCAHB1ENRBase, 0U>::Set<ReadWriteMode, void>()
   \                     _ZN14FieldValueBaseI26RCC_AHB1ENR_GPIOCEN_ValuesIN3RCC7AHB1ENRELj2ELj1E13ReadWriteModeNS1_14RCCAHB1ENRBaseEES4_Lj0EE3SetIS3_vEEvv: (+1)
   \        0x0   0x4902             LDR.N    R1,??Set_1       ;; 0x40023830
   \        0x2   0x6808             LDR      R0,[R1, #+0]
   \        0x4   0xF030 0x0004      BICS     R0,R0,#0x4
   \        0x8   0x6008             STR      R0,[R1, #+0]
   \        0xA   0x4770             BX       LR               ;; return
   \                     ??Set_1:
   \        0xC   0x4002'3830        DC32     0x40023830

   \                                 In section .text, align 4
   \   __interwork __vfp void FieldValueBase<RCC_AHB1ENR_GPIOAEN_Values<RCC::AHB1ENR, 0U, 1U, ReadWriteMode, RCC::RCCAHB1ENRBase>, RCC::RCCAHB1ENRBase, 1U>::Set<ReadWriteMode, void>()
   \                     _ZN14FieldValueBaseI26RCC_AHB1ENR_GPIOAEN_ValuesIN3RCC7AHB1ENRELj0ELj1E13ReadWriteModeNS1_14RCCAHB1ENRBaseEES4_Lj1EE3SetIS3_vEEvv: (+1)
   \        0x0   0x4903             LDR.N    R1,??Set_2       ;; 0x40023830
   \        0x2   0x6808             LDR      R0,[R1, #+0]
   \        0x4   0x0840             LSRS     R0,R0,#+1
   \        0x6   0x0040             LSLS     R0,R0,#+1
   \        0x8   0xF050 0x0001      ORRS     R0,R0,#0x1
   \        0xC   0x6008             STR      R0,[R1, #+0]
   \        0xE   0x4770             BX       LR               ;; return
   \                     ??Set_2:
   \       0x10   0x4002'3830        DC32     0x40023830

   \                                 In section .text, align 4
   \   __interwork __vfp void FieldValueBase<RCC_AHB1ENR_GPIOAEN_Values<RCC::AHB1ENR, 0U, 1U, ReadWriteMode, RCC::RCCAHB1ENRBase>, RCC::RCCAHB1ENRBase, 0U>::Set<ReadWriteMode, void>()
   \                     _ZN14FieldValueBaseI26RCC_AHB1ENR_GPIOAEN_ValuesIN3RCC7AHB1ENRELj0ELj1E13ReadWriteModeNS1_14RCCAHB1ENRBaseEES4_Lj0EE3SetIS3_vEEvv: (+1)
   \        0x0   0x4902             LDR.N    R1,??Set_3       ;; 0x40023830
   \        0x2   0x6808             LDR      R0,[R1, #+0]
   \        0x4   0x0840             LSRS     R0,R0,#+1
   \        0x6   0x0040             LSLS     R0,R0,#+1
   \        0x8   0x6008             STR      R0,[R1, #+0]
   \        0xA   0x4770             BX       LR               ;; return
   \                     ??Set_3:
   \        0xC   0x4002'3830        DC32     0x40023830

   \                                 In section .text, align 4
   \   __interwork __vfp bool FieldValueBase<RCC_AHB1ENR_GPIOCEN_Values<RCC::AHB1ENR, 2U, 1U, ReadWriteMode, RCC::RCCAHB1ENRBase>, RCC::RCCAHB1ENRBase, 1U>::IsSet<ReadWriteMode, void>()
   \                     _ZN14FieldValueBaseI26RCC_AHB1ENR_GPIOCEN_ValuesIN3RCC7AHB1ENRELj2ELj1E13ReadWriteModeNS1_14RCCAHB1ENRBaseEES4_Lj1EE5IsSetIS3_vEEbv: (+1)
   \        0x0   0x4802             LDR.N    R0,??IsSet_0     ;; 0x40023830
   \        0x2   0x6800             LDR      R0,[R0, #+0]
   \        0x4   0x0880             LSRS     R0,R0,#+2
   \        0x6   0xF010 0x0001      ANDS     R0,R0,#0x1
   \        0xA   0x4770             BX       LR               ;; return
   \                     ??IsSet_0:
   \        0xC   0x4002'3830        DC32     0x40023830

   \                                 In section .text, align 4
   \   __interwork __vfp bool FieldValueBase<RCC_AHB1ENR_GPIOAEN_Values<RCC::AHB1ENR, 0U, 1U, ReadWriteMode, RCC::RCCAHB1ENRBase>, RCC::RCCAHB1ENRBase, 1U>::IsSet<ReadWriteMode, void>()
   \                     _ZN14FieldValueBaseI26RCC_AHB1ENR_GPIOAEN_ValuesIN3RCC7AHB1ENRELj0ELj1E13ReadWriteModeNS1_14RCCAHB1ENRBaseEES4_Lj1EE5IsSetIS3_vEEbv: (+1)
   \        0x0   0x4802             LDR.N    R0,??IsSet_1     ;; 0x40023830
   \        0x2   0x6800             LDR      R0,[R0, #+0]
   \        0x4   0xF010 0x0001      ANDS     R0,R0,#0x1
   \        0x8   0x4770             BX       LR               ;; return
   \        0xA   0xBF00             Nop      
   \                     ??IsSet_1:
   \        0xC   0x4002'3830        DC32     0x40023830

   \                                 In section .text, align 4
   \   __interwork __vfp void RegisterBase<1073874944U, 32U, ReadWriteMode>::Write<ReadWriteMode, void>(uint32_t)
   \                     _ZN12RegisterBaseILj1073874944ELj32E13ReadWriteModeE5WriteIS0_vEEvj: (+1)
   \        0x0   0x4901             LDR.N    R1,??Write_0     ;; 0x40020800
   \        0x2   0x6008             STR      R0,[R1, #+0]
   \        0x4   0x4770             BX       LR               ;; return
   \        0x6   0xBF00             Nop      
   \                     ??Write_0:
   \        0x8   0x4002'0800        DC32     0x40020800

   \                                 In section .text, align 4
   \   __interwork __vfp void RegisterBase<1073874964U, 32U, ReadWriteMode>::Write<ReadWriteMode, void>(uint32_t)
   \                     _ZN12RegisterBaseILj1073874964ELj32E13ReadWriteModeE5WriteIS0_vEEvj: (+1)
   \        0x0   0x4901             LDR.N    R1,??Write_1     ;; 0x40020814
   \        0x2   0x6008             STR      R0,[R1, #+0]
   \        0x4   0x4770             BX       LR               ;; return
   \        0x6   0xBF00             Nop      
   \                     ??Write_1:
   \        0x8   0x4002'0814        DC32     0x40020814

   \                                 In section .text, align 4
   \   __interwork __vfp void RegisterBase<1073874968U, 32U, WriteMode>::Write<WriteMode, void>(uint32_t)
   \                     _ZN12RegisterBaseILj1073874968ELj32E9WriteModeE5WriteIS0_vEEvj: (+1)
   \        0x0   0x4901             LDR.N    R1,??Write_2     ;; 0x40020818
   \        0x2   0x6008             STR      R0,[R1, #+0]
   \        0x4   0x4770             BX       LR               ;; return
   \        0x6   0xBF00             Nop      
   \                     ??Write_2:
   \        0x8   0x4002'0818        DC32     0x40020818

   \                                 In section .text, align 4
   \   __interwork __vfp void RegisterBase<1073872896U, 32U, ReadWriteMode>::Write<ReadWriteMode, void>(uint32_t)
   \                     _ZN12RegisterBaseILj1073872896ELj32E13ReadWriteModeE5WriteIS0_vEEvj: (+1)
   \        0x0   0x4901             LDR.N    R1,??Write_3     ;; 0x40020000
   \        0x2   0x6008             STR      R0,[R1, #+0]
   \        0x4   0x4770             BX       LR               ;; return
   \        0x6   0xBF00             Nop      
   \                     ??Write_3:
   \        0x8   0x4002'0000        DC32     0x40020000

   \                                 In section .text, align 4
   \   __interwork __vfp void RegisterBase<1073872916U, 32U, ReadWriteMode>::Write<ReadWriteMode, void>(uint32_t)
   \                     _ZN12RegisterBaseILj1073872916ELj32E13ReadWriteModeE5WriteIS0_vEEvj: (+1)
   \        0x0   0x4901             LDR.N    R1,??Write_4     ;; 0x40020014
   \        0x2   0x6008             STR      R0,[R1, #+0]
   \        0x4   0x4770             BX       LR               ;; return
   \        0x6   0xBF00             Nop      
   \                     ??Write_4:
   \        0x8   0x4002'0014        DC32     0x40020014

   \                                 In section .text, align 4
   \   __interwork __vfp void RegisterBase<1073872920U, 32U, WriteMode>::Write<WriteMode, void>(uint32_t)
   \                     _ZN12RegisterBaseILj1073872920ELj32E9WriteModeE5WriteIS0_vEEvj: (+1)
   \        0x0   0x4901             LDR.N    R1,??Write_5     ;; 0x40020018
   \        0x2   0x6008             STR      R0,[R1, #+0]
   \        0x4   0x4770             BX       LR               ;; return
   \        0x6   0xBF00             Nop      
   \                     ??Write_5:
   \        0x8   0x4002'0018        DC32     0x40020018

   \                                 In section .text, align 4
   \   __interwork __vfp void RegisterBase<1073874964U, 32U, ReadWriteMode>::Toggle<ReadWriteMode, void>(uint32_t)
   \                     _ZN12RegisterBaseILj1073874964ELj32E13ReadWriteModeE6ToggleIS0_vEEvj: (+1)
   \        0x0   0x4902             LDR.N    R1,??Toggle_0    ;; 0x40020814
   \        0x2   0x680A             LDR      R2,[R1, #+0]
   \        0x4   0x4042             EORS     R2,R0,R2
   \        0x6   0x600A             STR      R2,[R1, #+0]
   \        0x8   0x4770             BX       LR               ;; return
   \        0xA   0xBF00             Nop      
   \                     ??Toggle_0:
   \        0xC   0x4002'0814        DC32     0x40020814

   \                                 In section .text, align 4
   \   __interwork __vfp void RegisterBase<1073872916U, 32U, ReadWriteMode>::Toggle<ReadWriteMode, void>(uint32_t)
   \                     _ZN12RegisterBaseILj1073872916ELj32E13ReadWriteModeE6ToggleIS0_vEEvj: (+1)
   \        0x0   0x4902             LDR.N    R1,??Toggle_1    ;; 0x40020014
   \        0x2   0x680A             LDR      R2,[R1, #+0]
   \        0x4   0x4042             EORS     R2,R0,R2
   \        0x6   0x600A             STR      R2,[R1, #+0]
   \        0x8   0x4770             BX       LR               ;; return
   \        0xA   0xBF00             Nop      
   \                     ??Toggle_1:
   \        0xC   0x4002'0014        DC32     0x40020014

   \                                 In section .text, align 4
   \   __interwork __vfp uint32_t RegisterBase<1073874944U, 32U, ReadWriteMode>::Get<ReadWriteMode, void>()
   \                     _ZN12RegisterBaseILj1073874944ELj32E13ReadWriteModeE3GetIS0_vEEjv: (+1)
   \        0x0   0x4801             LDR.N    R0,??Get_0       ;; 0x40020800
   \        0x2   0x6800             LDR      R0,[R0, #+0]
   \        0x4   0x4770             BX       LR               ;; return
   \        0x6   0xBF00             Nop      
   \                     ??Get_0:
   \        0x8   0x4002'0800        DC32     0x40020800

   \                                 In section .text, align 4
   \   __interwork __vfp uint32_t RegisterBase<1073874960U, 32U, ReadMode>::Get<ReadMode, void>()
   \                     _ZN12RegisterBaseILj1073874960ELj32E8ReadModeE3GetIS0_vEEjv: (+1)
   \        0x0   0x4801             LDR.N    R0,??Get_1       ;; 0x40020810
   \        0x2   0x6800             LDR      R0,[R0, #+0]
   \        0x4   0x4770             BX       LR               ;; return
   \        0x6   0xBF00             Nop      
   \                     ??Get_1:
   \        0x8   0x4002'0810        DC32     0x40020810

   \                                 In section .text, align 4
   \   __interwork __vfp uint32_t RegisterBase<1073872896U, 32U, ReadWriteMode>::Get<ReadWriteMode, void>()
   \                     _ZN12RegisterBaseILj1073872896ELj32E13ReadWriteModeE3GetIS0_vEEjv: (+1)
   \        0x0   0x4801             LDR.N    R0,??Get_2       ;; 0x40020000
   \        0x2   0x6800             LDR      R0,[R0, #+0]
   \        0x4   0x4770             BX       LR               ;; return
   \        0x6   0xBF00             Nop      
   \                     ??Get_2:
   \        0x8   0x4002'0000        DC32     0x40020000

   \                                 In section .text, align 4
   \   __interwork __vfp uint32_t RegisterBase<1073872912U, 32U, ReadMode>::Get<ReadMode, void>()
   \                     _ZN12RegisterBaseILj1073872912ELj32E8ReadModeE3GetIS0_vEEjv: (+1)
   \        0x0   0x4801             LDR.N    R0,??Get_3       ;; 0x40020010
   \        0x2   0x6800             LDR      R0,[R0, #+0]
   \        0x4   0x4770             BX       LR               ;; return
   \        0x6   0xBF00             Nop      
   \                     ??Get_3:
   \        0x8   0x4002'0010        DC32     0x40020010

   \                                 In section .text, align 2
   \   __interwork __vfp void Port<GPIOC>::Toggle(uint8_t)
   \                     _ZN4PortI5GPIOCE6ToggleEh: (+1)
   \        0x0   0xB538             PUSH     {R3-R5,LR}
   \        0x2   0x0004             MOVS     R4,R0
   \        0x4   0x000D             MOVS     R5,R1
   \        0x6   0x2001             MOVS     R0,#+1
   \        0x8   0x40A8             LSLS     R0,R0,R5
   \        0xA   0x....'....        BL       _ZN12RegisterBaseILj1073874964ELj32E13ReadWriteModeE6ToggleIS0_vEEvj
   \        0xE   0xBD31             POP      {R0,R4,R5,PC}    ;; return

   \                                 In section .text, align 2
   \   __interwork __vfp void Port<GPIOA>::Toggle(uint8_t)
   \                     _ZN4PortI5GPIOAE6ToggleEh: (+1)
   \        0x0   0xB538             PUSH     {R3-R5,LR}
   \        0x2   0x0004             MOVS     R4,R0
   \        0x4   0x000D             MOVS     R5,R1
   \        0x6   0x2001             MOVS     R0,#+1
   \        0x8   0x40A8             LSLS     R0,R0,R5
   \        0xA   0x....'....        BL       _ZN12RegisterBaseILj1073872916ELj32E13ReadWriteModeE6ToggleIS0_vEEvj
   \        0xE   0xBD31             POP      {R0,R4,R5,PC}    ;; return

   \                                 In section .text, align 2
   \   __interwork __vfp bool Port<GPIOC>::IsSet(uint8_t)
   \                     _ZN4PortI5GPIOCE5IsSetEh: (+1)
   \        0x0   0xB538             PUSH     {R3-R5,LR}
   \        0x2   0x0004             MOVS     R4,R0
   \        0x4   0x000D             MOVS     R5,R1
   \        0x6   0x....'....        BL       _ZN12RegisterBaseILj1073874960ELj32E8ReadModeE3GetIS0_vEEjv
   \        0xA   0x40E8             LSRS     R0,R0,R5
   \        0xC   0xF010 0x0001      ANDS     R0,R0,#0x1
   \       0x10   0xBD32             POP      {R1,R4,R5,PC}    ;; return

   \                                 In section .text, align 2
   \   __interwork __vfp bool Port<GPIOA>::IsSet(uint8_t)
   \                     _ZN4PortI5GPIOAE5IsSetEh: (+1)
   \        0x0   0xB538             PUSH     {R3-R5,LR}
   \        0x2   0x0004             MOVS     R4,R0
   \        0x4   0x000D             MOVS     R5,R1
   \        0x6   0x....'....        BL       _ZN12RegisterBaseILj1073872912ELj32E8ReadModeE3GetIS0_vEEjv
   \        0xA   0x40E8             LSRS     R0,R0,R5
   \        0xC   0xF010 0x0001      ANDS     R0,R0,#0x1
   \       0x10   0xBD32             POP      {R1,R4,R5,PC}    ;; return

   \                                 In section .text, align 2
   \   __interwork __vfp uint32_t Port<GPIOC>::Get()
   \                     _ZN4PortI5GPIOCE3GetEv: (+1)
   \        0x0   0xB510             PUSH     {R4,LR}
   \        0x2   0x0004             MOVS     R4,R0
   \        0x4   0x....'....        BL       _ZN12RegisterBaseILj1073874960ELj32E8ReadModeE3GetIS0_vEEjv
   \        0x8   0xBD10             POP      {R4,PC}          ;; return

   \                                 In section .text, align 2
   \   __interwork __vfp uint32_t Port<GPIOA>::Get()
   \                     _ZN4PortI5GPIOAE3GetEv: (+1)
   \        0x0   0xB510             PUSH     {R4,LR}
   \        0x2   0x0004             MOVS     R4,R0
   \        0x4   0x....'....        BL       _ZN12RegisterBaseILj1073872912ELj32E8ReadModeE3GetIS0_vEEjv
   \        0x8   0xBD10             POP      {R4,PC}          ;; return

   \                                 In section .text, align 2
   \   __interwork __vfp void Port<GPIOC>::Write(uint32_t)
   \                     _ZN4PortI5GPIOCE5WriteEj: (+1)
   \        0x0   0xB538             PUSH     {R3-R5,LR}
   \        0x2   0x0004             MOVS     R4,R0
   \        0x4   0x000D             MOVS     R5,R1
   \        0x6   0x0028             MOVS     R0,R5
   \        0x8   0x....'....        BL       _ZN12RegisterBaseILj1073874964ELj32E13ReadWriteModeE5WriteIS0_vEEvj
   \        0xC   0xBD31             POP      {R0,R4,R5,PC}    ;; return

   \                                 In section .text, align 2
   \   __interwork __vfp void Port<GPIOA>::Write(uint32_t)
   \                     _ZN4PortI5GPIOAE5WriteEj: (+1)
   \        0x0   0xB538             PUSH     {R3-R5,LR}
   \        0x2   0x0004             MOVS     R4,R0
   \        0x4   0x000D             MOVS     R5,R1
   \        0x6   0x0028             MOVS     R0,R5
   \        0x8   0x....'....        BL       _ZN12RegisterBaseILj1073872916ELj32E13ReadWriteModeE5WriteIS0_vEEvj
   \        0xC   0xBD31             POP      {R0,R4,R5,PC}    ;; return

   \                                 In section .text, align 2
   \   __interwork __vfp void Port<GPIOC>::Set(uint32_t)
   \                     _ZN4PortI5GPIOCE3SetEj: (+1)
   \        0x0   0xB538             PUSH     {R3-R5,LR}
   \        0x2   0x0004             MOVS     R4,R0
   \        0x4   0x000D             MOVS     R5,R1
   \        0x6   0x0028             MOVS     R0,R5
   \        0x8   0x....'....        BL       _ZN12RegisterBaseILj1073874968ELj32E9WriteModeE5WriteIS0_vEEvj
   \        0xC   0xBD31             POP      {R0,R4,R5,PC}    ;; return

   \                                 In section .text, align 2
   \   __interwork __vfp void Port<GPIOA>::Set(uint32_t)
   \                     _ZN4PortI5GPIOAE3SetEj: (+1)
   \        0x0   0xB538             PUSH     {R3-R5,LR}
   \        0x2   0x0004             MOVS     R4,R0
   \        0x4   0x000D             MOVS     R5,R1
   \        0x6   0x0028             MOVS     R0,R5
   \        0x8   0x....'....        BL       _ZN12RegisterBaseILj1073872920ELj32E9WriteModeE5WriteIS0_vEEvj
   \        0xC   0xBD31             POP      {R0,R4,R5,PC}    ;; return

   \                                 In section .text, align 2
   \   __interwork __vfp void Port<GPIOC>::Reset(uint32_t)
   \                     _ZN4PortI5GPIOCE5ResetEj: (+1)
   \        0x0   0xB538             PUSH     {R3-R5,LR}
   \        0x2   0x0004             MOVS     R4,R0
   \        0x4   0x000D             MOVS     R5,R1
   \        0x6   0x0428             LSLS     R0,R5,#+16
   \        0x8   0x....'....        BL       _ZN12RegisterBaseILj1073874968ELj32E9WriteModeE5WriteIS0_vEEvj
   \        0xC   0xBD31             POP      {R0,R4,R5,PC}    ;; return

   \                                 In section .text, align 2
   \   __interwork __vfp void Port<GPIOA>::Reset(uint32_t)
   \                     _ZN4PortI5GPIOAE5ResetEj: (+1)
   \        0x0   0xB538             PUSH     {R3-R5,LR}
   \        0x2   0x0004             MOVS     R4,R0
   \        0x4   0x000D             MOVS     R5,R1
   \        0x6   0x0428             LSLS     R0,R5,#+16
   \        0x8   0x....'....        BL       _ZN12RegisterBaseILj1073872920ELj32E9WriteModeE5WriteIS0_vEEvj
   \        0xC   0xBD31             POP      {R0,R4,R5,PC}    ;; return

   \                                 In section .text, align 2
   \   __interwork __vfp void Port<GPIOC>::ModeSet(uint8_t, Moder)
   \                     _ZN4PortI5GPIOCE7ModeSetEh5Moder: (+1)
   \        0x0   0xB5F8             PUSH     {R3-R7,LR}
   \        0x2   0x0004             MOVS     R4,R0
   \        0x4   0x000D             MOVS     R5,R1
   \        0x6   0x0016             MOVS     R6,R2
   \        0x8   0x....'....        BL       _ZN12RegisterBaseILj1073874944ELj32E13ReadWriteModeE3GetIS0_vEEjv
   \        0xC   0x0007             MOVS     R7,R0
   \        0xE   0x2103             MOVS     R1,#+3
   \       0x10   0xB2ED             UXTB     R5,R5            ;; ZeroExt  R5,R5,#+24,#+24
   \       0x12   0x0068             LSLS     R0,R5,#+1
   \       0x14   0x4081             LSLS     R1,R1,R0
   \       0x16   0x438F             BICS     R7,R7,R1
   \       0x18   0x0031             MOVS     R1,R6
   \       0x1A   0xB2C9             UXTB     R1,R1            ;; ZeroExt  R1,R1,#+24,#+24
   \       0x1C   0xB2ED             UXTB     R5,R5            ;; ZeroExt  R5,R5,#+24,#+24
   \       0x1E   0x0068             LSLS     R0,R5,#+1
   \       0x20   0x4081             LSLS     R1,R1,R0
   \       0x22   0x430F             ORRS     R7,R1,R7
   \       0x24   0x0038             MOVS     R0,R7
   \       0x26   0x....'....        BL       _ZN12RegisterBaseILj1073874944ELj32E13ReadWriteModeE5WriteIS0_vEEvj
   \       0x2A   0xBDF1             POP      {R0,R4-R7,PC}    ;; return

   \                                 In section .text, align 2
   \   __interwork __vfp void Port<GPIOA>::ModeSet(uint8_t, Moder)
   \                     _ZN4PortI5GPIOAE7ModeSetEh5Moder: (+1)
   \        0x0   0xB5F8             PUSH     {R3-R7,LR}
   \        0x2   0x0004             MOVS     R4,R0
   \        0x4   0x000D             MOVS     R5,R1
   \        0x6   0x0016             MOVS     R6,R2
   \        0x8   0x....'....        BL       _ZN12RegisterBaseILj1073872896ELj32E13ReadWriteModeE3GetIS0_vEEjv
   \        0xC   0x0007             MOVS     R7,R0
   \        0xE   0x2103             MOVS     R1,#+3
   \       0x10   0xB2ED             UXTB     R5,R5            ;; ZeroExt  R5,R5,#+24,#+24
   \       0x12   0x0068             LSLS     R0,R5,#+1
   \       0x14   0x4081             LSLS     R1,R1,R0
   \       0x16   0x438F             BICS     R7,R7,R1
   \       0x18   0x0031             MOVS     R1,R6
   \       0x1A   0xB2C9             UXTB     R1,R1            ;; ZeroExt  R1,R1,#+24,#+24
   \       0x1C   0xB2ED             UXTB     R5,R5            ;; ZeroExt  R5,R5,#+24,#+24
   \       0x1E   0x0068             LSLS     R0,R5,#+1
   \       0x20   0x4081             LSLS     R1,R1,R0
   \       0x22   0x430F             ORRS     R7,R1,R7
   \       0x24   0x0038             MOVS     R0,R7
   \       0x26   0x....'....        BL       _ZN12RegisterBaseILj1073872896ELj32E13ReadWriteModeE5WriteIS0_vEEvj
   \       0x2A   0xBDF1             POP      {R0,R4-R7,PC}    ;; return

   \                                 In section .text, align 2
   \   __interwork __vfp void Port<GPIOC>::Enable()
   \                     _ZN4PortI5GPIOCE6EnableEv: (+1)
   \        0x0   0xB510             PUSH     {R4,LR}
   \        0x2   0x0004             MOVS     R4,R0
   \        0x4   0x....'....        BL       _ZN14FieldValueBaseI26RCC_AHB1ENR_GPIOCEN_ValuesIN3RCC7AHB1ENRELj2ELj1E13ReadWriteModeNS1_14RCCAHB1ENRBaseEES4_Lj1EE3SetIS3_vEEvv
   \        0x8   0xBD10             POP      {R4,PC}          ;; return

   \                                 In section .text, align 2
   \   __interwork __vfp void Port<GPIOA>::Enable()
   \                     _ZN4PortI5GPIOAE6EnableEv: (+1)
   \        0x0   0xB510             PUSH     {R4,LR}
   \        0x2   0x0004             MOVS     R4,R0
   \        0x4   0x....'....        BL       _ZN14FieldValueBaseI26RCC_AHB1ENR_GPIOAEN_ValuesIN3RCC7AHB1ENRELj0ELj1E13ReadWriteModeNS1_14RCCAHB1ENRBaseEES4_Lj1EE3SetIS3_vEEvv
   \        0x8   0xBD10             POP      {R4,PC}          ;; return

   \                                 In section .text, align 2
   \   __interwork __vfp void Port<GPIOC>::Disable()
   \                     _ZN4PortI5GPIOCE7DisableEv: (+1)
   \        0x0   0xB510             PUSH     {R4,LR}
   \        0x2   0x0004             MOVS     R4,R0
   \        0x4   0x....'....        BL       _ZN14FieldValueBaseI26RCC_AHB1ENR_GPIOCEN_ValuesIN3RCC7AHB1ENRELj2ELj1E13ReadWriteModeNS1_14RCCAHB1ENRBaseEES4_Lj0EE3SetIS3_vEEvv
   \        0x8   0xBD10             POP      {R4,PC}          ;; return

   \                                 In section .text, align 2
   \   __interwork __vfp void Port<GPIOA>::Disable()
   \                     _ZN4PortI5GPIOAE7DisableEv: (+1)
   \        0x0   0xB510             PUSH     {R4,LR}
   \        0x2   0x0004             MOVS     R4,R0
   \        0x4   0x....'....        BL       _ZN14FieldValueBaseI26RCC_AHB1ENR_GPIOAEN_ValuesIN3RCC7AHB1ENRELj0ELj1E13ReadWriteModeNS1_14RCCAHB1ENRBaseEES4_Lj0EE3SetIS3_vEEvv
   \        0x8   0xBD10             POP      {R4,PC}          ;; return

   \                                 In section .text, align 2
   \   __interwork __vfp bool Port<GPIOC>::IsEnable()
   \                     _ZN4PortI5GPIOCE8IsEnableEv: (+1)
   \        0x0   0xB510             PUSH     {R4,LR}
   \        0x2   0x0004             MOVS     R4,R0
   \        0x4   0x....'....        BL       _ZN14FieldValueBaseI26RCC_AHB1ENR_GPIOCEN_ValuesIN3RCC7AHB1ENRELj2ELj1E13ReadWriteModeNS1_14RCCAHB1ENRBaseEES4_Lj1EE5IsSetIS3_vEEbv
   \        0x8   0xBD10             POP      {R4,PC}          ;; return

   \                                 In section .text, align 2
   \   __interwork __vfp bool Port<GPIOA>::IsEnable()
   \                     _ZN4PortI5GPIOAE8IsEnableEv: (+1)
   \        0x0   0xB510             PUSH     {R4,LR}
   \        0x2   0x0004             MOVS     R4,R0
   \        0x4   0x....'....        BL       _ZN14FieldValueBaseI26RCC_AHB1ENR_GPIOAEN_ValuesIN3RCC7AHB1ENRELj0ELj1E13ReadWriteModeNS1_14RCCAHB1ENRBaseEES4_Lj1EE5IsSetIS3_vEEbv
   \        0x8   0xBD10             POP      {R4,PC}          ;; return

   \                                 In section .data, align 4
   \   __absolute Port<GPIOC> portC
   \                     portC:
   \        0x0   0x....'....        DC32 _ZTV4PortI5GPIOCE + 0x8

   \                                 In section .data, align 4
   \   __absolute Port<GPIOA> portA
   \                     portA:
   \        0x0   0x....'....        DC32 _ZTV4PortI5GPIOAE + 0x8

   \                                 In section .text, align 2, keep-with-next
   \   static __intrinsic __interwork __vfp void __sti__routine()
   \                     __sti__routine: (+1)
   \        0x0   0xB580             PUSH     {R7,LR}
   \        0x2   0x....             LDR.N    R1,??DataTable1
   \        0x4   0x7808             LDRB     R0,[R1, #+0]
   \        0x6   0x2800             CMP      R0,#+0
   \        0x8   0xD106             BNE.N    ??__sti__routine_0
   \        0xA   0x2001             MOVS     R0,#+1
   \        0xC   0x7008             STRB     R0,[R1, #+0]
   \        0xE   0x....             LDR.N    R2,??DataTable1_1
   \       0x10   0x2105             MOVS     R1,#+5
   \       0x12   0x....             LDR.N    R0,??DataTable1_2
   \       0x14   0x....'....        BL       _ZN3PinC1EhR5IPort
   \                     ??__sti__routine_0: (+1)
   \       0x18   0x....             LDR.N    R1,??DataTable1_3
   \       0x1A   0x7808             LDRB     R0,[R1, #+0]
   \       0x1C   0x2800             CMP      R0,#+0
   \       0x1E   0xD106             BNE.N    ??__sti__routine_1
   \       0x20   0x2001             MOVS     R0,#+1
   \       0x22   0x7008             STRB     R0,[R1, #+0]
   \       0x24   0x....             LDR.N    R2,??DataTable1_4
   \       0x26   0x2109             MOVS     R1,#+9
   \       0x28   0x....             LDR.N    R0,??DataTable1_5
   \       0x2A   0x....'....        BL       _ZN3PinC1EhR5IPort
   \                     ??__sti__routine_1: (+1)
   \       0x2E   0x....             LDR.N    R1,??DataTable1_6
   \       0x30   0x7808             LDRB     R0,[R1, #+0]
   \       0x32   0x2800             CMP      R0,#+0
   \       0x34   0xD106             BNE.N    ??__sti__routine_2
   \       0x36   0x2001             MOVS     R0,#+1
   \       0x38   0x7008             STRB     R0,[R1, #+0]
   \       0x3A   0x....             LDR.N    R2,??DataTable1_4
   \       0x3C   0x2108             MOVS     R1,#+8
   \       0x3E   0x....             LDR.N    R0,??DataTable1_7
   \       0x40   0x....'....        BL       _ZN3PinC1EhR5IPort
   \                     ??__sti__routine_2: (+1)
   \       0x44   0x....             LDR.N    R1,??DataTable1_8
   \       0x46   0x7808             LDRB     R0,[R1, #+0]
   \       0x48   0x2800             CMP      R0,#+0
   \       0x4A   0xD106             BNE.N    ??__sti__routine_3
   \       0x4C   0x2001             MOVS     R0,#+1
   \       0x4E   0x7008             STRB     R0,[R1, #+0]
   \       0x50   0x....             LDR.N    R2,??DataTable1_4
   \       0x52   0x2105             MOVS     R1,#+5
   \       0x54   0x....             LDR.N    R0,??DataTable1_9
   \       0x56   0x....'....        BL       _ZN3PinC1EhR5IPort
   \                     ??__sti__routine_3: (+1)
   \       0x5A   0x....             LDR.N    R1,??DataTable1_10
   \       0x5C   0x7808             LDRB     R0,[R1, #+0]
   \       0x5E   0x2800             CMP      R0,#+0
   \       0x60   0xD106             BNE.N    ??__sti__routine_4
   \       0x62   0x2001             MOVS     R0,#+1
   \       0x64   0x7008             STRB     R0,[R1, #+0]
   \       0x66   0x....             LDR.N    R2,??DataTable1_4
   \       0x68   0x210D             MOVS     R1,#+13
   \       0x6A   0x....             LDR.N    R0,??DataTable1_11
   \       0x6C   0x....'....        BL       _ZN3PinC1EhR5IPort
   \                     ??__sti__routine_4: (+1)
   \       0x70   0x....             LDR.N    R1,??DataTable1_12
   \       0x72   0x7808             LDRB     R0,[R1, #+0]
   \       0x74   0x2800             CMP      R0,#+0
   \       0x76   0xD105             BNE.N    ??__sti__routine_5
   \       0x78   0x2001             MOVS     R0,#+1
   \       0x7A   0x7008             STRB     R0,[R1, #+0]
   \       0x7C   0x....             LDR.N    R1,??DataTable1_11
   \       0x7E   0x....             LDR.N    R0,??DataTable1_13
   \       0x80   0x....'....        BL       _ZN6ButtonC1ER10IButtonPin
   \                     ??__sti__routine_5: (+1)
   \       0x84   0xBD01             POP      {R0,PC}          ;; return

   \                                 In section .bss, align 4
   \   __absolute Pin pinLed1
   \                     pinLed1:
   \        0x0                      DS8 16

   \                                 In section .bss, align 4
   \   __absolute Pin pinLed2
   \                     pinLed2:
   \        0x0                      DS8 16

   \                                 In section .bss, align 4
   \   __absolute Pin pinLed3
   \                     pinLed3:
   \        0x0                      DS8 16

   \                                 In section .bss, align 4
   \   __absolute Pin pinLed4
   \                     pinLed4:
   \        0x0                      DS8 16

   \                                 In section .bss, align 4
   \   __absolute Pin pinButton
   \                     pinButton:
   \        0x0                      DS8 16

   \                                 In section .bss, align 4
   \   __absolute Button button
   \                     button:
   \        0x0                      DS8 4

   \                                 In section .bss, align 1
   \   __absolute bool flagIndicatorSwitch
   \                     flagIndicatorSwitch:
   \        0x0                      DS8 1

   \                                 In section .text, align 2, keep-with-next
      2          bool Button::WasPressed()
      3            {
   \                     _ZN6Button10WasPressedEv: (+1)
   \        0x0   0xB510             PUSH     {R4,LR}
   \        0x2   0x0004             MOVS     R4,R0
      4               if(!pin.IsSet())
   \        0x4   0x6820             LDR      R0,[R4, #+0]
   \        0x6   0x6821             LDR      R1,[R4, #+0]
   \        0x8   0x6809             LDR      R1,[R1, #+0]
   \        0xA   0x6809             LDR      R1,[R1, #+0]
   \        0xC   0x4788             BLX      R1
   \        0xE   0x2800             CMP      R0,#+0
   \       0x10   0xD108             BNE.N    ??WasPressed_0
      5               {
      6                 while(!pin.IsSet());
   \                     ??WasPressed_1: (+1)
   \       0x12   0x6820             LDR      R0,[R4, #+0]
   \       0x14   0x6821             LDR      R1,[R4, #+0]
   \       0x16   0x6809             LDR      R1,[R1, #+0]
   \       0x18   0x6809             LDR      R1,[R1, #+0]
   \       0x1A   0x4788             BLX      R1
   \       0x1C   0x2800             CMP      R0,#+0
   \       0x1E   0xD0F8             BEQ.N    ??WasPressed_1
      7                 return true;
   \       0x20   0x2001             MOVS     R0,#+1
   \       0x22   0xE000             B.N      ??WasPressed_2
      8               }
      9              return false;
   \                     ??WasPressed_0: (+1)
   \       0x24   0x2000             MOVS     R0,#+0
   \                     ??WasPressed_2: (+1)
   \       0x26   0xBD10             POP      {R4,PC}          ;; return
     10            }

   \                                 In section .text, align 2, keep-with-next
   \   __code __interwork __vfp Button::subobject Button(IButtonPin &)
   \                     _ZN6ButtonC2ER10IButtonPin: (+1)
   \        0x0   0xB510             PUSH     {R4,LR}
   \        0x2   0x0004             MOVS     R4,R0
   \        0x4   0x0020             MOVS     R0,R4
   \        0x6   0x....'....        BL       _ZN6ButtonC1ER10IButtonPin
   \        0xA   0xBD10             POP      {R4,PC}          ;; return

   \                                 In section .text, align 2, keep-with-next
     11          Button::Button(IButtonPin& pin): pin(pin){};
   \                     _ZN6ButtonC1ER10IButtonPin: (+1)
   \        0x0   0x6001             STR      R1,[R0, #+0]
   \        0x2   0x4770             BX       LR               ;; return
     12          

   \                                 In section .text, align 2, keep-with-next
     13          void Button::Enable()
     14          {
   \                     _ZN6Button6EnableEv: (+1)
   \        0x0   0xB510             PUSH     {R4,LR}
   \        0x2   0x0004             MOVS     R4,R0
     15            pin.Enable();
   \        0x4   0x6820             LDR      R0,[R4, #+0]
   \        0x6   0x6821             LDR      R1,[R4, #+0]
   \        0x8   0x6809             LDR      R1,[R1, #+0]
   \        0xA   0x6889             LDR      R1,[R1, #+8]
   \        0xC   0x4788             BLX      R1
     16            pin.SelectInputMode();
   \        0xE   0x6820             LDR      R0,[R4, #+0]
   \       0x10   0x6821             LDR      R1,[R4, #+0]
   \       0x12   0x6809             LDR      R1,[R1, #+0]
   \       0x14   0x6849             LDR      R1,[R1, #+4]
   \       0x16   0x4788             BLX      R1
     17          }
   \       0x18   0xBD10             POP      {R4,PC}          ;; return

   \                                 In section .text, align 4, keep-with-next
   \                     ??DataTable1:
   \        0x0   0x....'....        DC32     _ZGV7pinLed1

   \                                 In section .text, align 4, keep-with-next
   \                     ??DataTable1_1:
   \        0x0   0x....'....        DC32     portA

   \                                 In section .text, align 4, keep-with-next
   \                     ??DataTable1_2:
   \        0x0   0x....'....        DC32     pinLed1

   \                                 In section .text, align 4, keep-with-next
   \                     ??DataTable1_3:
   \        0x0   0x....'....        DC32     _ZGV7pinLed2

   \                                 In section .text, align 4, keep-with-next
   \                     ??DataTable1_4:
   \        0x0   0x....'....        DC32     portC

   \                                 In section .text, align 4, keep-with-next
   \                     ??DataTable1_5:
   \        0x0   0x....'....        DC32     pinLed2

   \                                 In section .text, align 4, keep-with-next
   \                     ??DataTable1_6:
   \        0x0   0x....'....        DC32     _ZGV7pinLed3

   \                                 In section .text, align 4, keep-with-next
   \                     ??DataTable1_7:
   \        0x0   0x....'....        DC32     pinLed3

   \                                 In section .text, align 4, keep-with-next
   \                     ??DataTable1_8:
   \        0x0   0x....'....        DC32     _ZGV7pinLed4

   \                                 In section .text, align 4, keep-with-next
   \                     ??DataTable1_9:
   \        0x0   0x....'....        DC32     pinLed4

   \                                 In section .text, align 4, keep-with-next
   \                     ??DataTable1_10:
   \        0x0   0x....'....        DC32     _ZGV9pinButton

   \                                 In section .text, align 4, keep-with-next
   \                     ??DataTable1_11:
   \        0x0   0x....'....        DC32     pinButton

   \                                 In section .text, align 4, keep-with-next
   \                     ??DataTable1_12:
   \        0x0   0x....'....        DC32     _ZGV6button

   \                                 In section .text, align 4, keep-with-next
   \                     ??DataTable1_13:
   \        0x0   0x....'....        DC32     button

   Maximum stack usage in bytes:

   .cstack Function
   ------- --------
       0   Button::Button(IButtonPin &)
       8   Button::Enable()
         8   -- Indirect call
       8   Button::WasPressed()
         8   -- Indirect call
       8   Button::subobject Button(IButtonPin &)
         8   -> Button::Button(IButtonPin &)
       0   FieldValueBase<RCC_AHB1ENR_GPIOAEN_Values<RCC::AHB1ENR, 0U, 1U, ReadWriteMode, RCC::RCCAHB1ENRBase>, RCC::RCCAHB1ENRBase, 0U>::Set<ReadWriteMode, void>()
       0   FieldValueBase<RCC_AHB1ENR_GPIOAEN_Values<RCC::AHB1ENR, 0U, 1U, ReadWriteMode, RCC::RCCAHB1ENRBase>, RCC::RCCAHB1ENRBase, 1U>::IsSet<ReadWriteMode, void>()
       0   FieldValueBase<RCC_AHB1ENR_GPIOAEN_Values<RCC::AHB1ENR, 0U, 1U, ReadWriteMode, RCC::RCCAHB1ENRBase>, RCC::RCCAHB1ENRBase, 1U>::Set<ReadWriteMode, void>()
       0   FieldValueBase<RCC_AHB1ENR_GPIOCEN_Values<RCC::AHB1ENR, 2U, 1U, ReadWriteMode, RCC::RCCAHB1ENRBase>, RCC::RCCAHB1ENRBase, 0U>::Set<ReadWriteMode, void>()
       0   FieldValueBase<RCC_AHB1ENR_GPIOCEN_Values<RCC::AHB1ENR, 2U, 1U, ReadWriteMode, RCC::RCCAHB1ENRBase>, RCC::RCCAHB1ENRBase, 1U>::IsSet<ReadWriteMode, void>()
       0   FieldValueBase<RCC_AHB1ENR_GPIOCEN_Values<RCC::AHB1ENR, 2U, 1U, ReadWriteMode, RCC::RCCAHB1ENRBase>, RCC::RCCAHB1ENRBase, 1U>::Set<ReadWriteMode, void>()
       8   Port<GPIOA>::Disable()
         8   -> FieldValueBase<RCC_AHB1ENR_GPIOAEN_Values<RCC::AHB1ENR, 0U, 1U, ReadWriteMode, RCC::RCCAHB1ENRBase>, RCC::RCCAHB1ENRBase, 0U>::Set<ReadWriteMode, void>()
       8   Port<GPIOA>::Enable()
         8   -> FieldValueBase<RCC_AHB1ENR_GPIOAEN_Values<RCC::AHB1ENR, 0U, 1U, ReadWriteMode, RCC::RCCAHB1ENRBase>, RCC::RCCAHB1ENRBase, 1U>::Set<ReadWriteMode, void>()
       8   Port<GPIOA>::Get()
         8   -> RegisterBase<1073872912U, 32U, ReadMode>::Get<ReadMode, void>()
       8   Port<GPIOA>::IsEnable()
         8   -> FieldValueBase<RCC_AHB1ENR_GPIOAEN_Values<RCC::AHB1ENR, 0U, 1U, ReadWriteMode, RCC::RCCAHB1ENRBase>, RCC::RCCAHB1ENRBase, 1U>::IsSet<ReadWriteMode, void>()
      16   Port<GPIOA>::IsSet(uint8_t)
        16   -> RegisterBase<1073872912U, 32U, ReadMode>::Get<ReadMode, void>()
      24   Port<GPIOA>::ModeSet(uint8_t, Moder)
        24   -> RegisterBase<1073872896U, 32U, ReadWriteMode>::Get<ReadWriteMode, void>()
        24   -> RegisterBase<1073872896U, 32U, ReadWriteMode>::Write<ReadWriteMode, void>(uint32_t)
      16   Port<GPIOA>::Reset(uint32_t)
        16   -> RegisterBase<1073872920U, 32U, WriteMode>::Write<WriteMode, void>(uint32_t)
      16   Port<GPIOA>::Set(uint32_t)
        16   -> RegisterBase<1073872920U, 32U, WriteMode>::Write<WriteMode, void>(uint32_t)
      16   Port<GPIOA>::Toggle(uint8_t)
        16   -> RegisterBase<1073872916U, 32U, ReadWriteMode>::Toggle<ReadWriteMode, void>(uint32_t)
      16   Port<GPIOA>::Write(uint32_t)
        16   -> RegisterBase<1073872916U, 32U, ReadWriteMode>::Write<ReadWriteMode, void>(uint32_t)
       8   Port<GPIOC>::Disable()
         8   -> FieldValueBase<RCC_AHB1ENR_GPIOCEN_Values<RCC::AHB1ENR, 2U, 1U, ReadWriteMode, RCC::RCCAHB1ENRBase>, RCC::RCCAHB1ENRBase, 0U>::Set<ReadWriteMode, void>()
       8   Port<GPIOC>::Enable()
         8   -> FieldValueBase<RCC_AHB1ENR_GPIOCEN_Values<RCC::AHB1ENR, 2U, 1U, ReadWriteMode, RCC::RCCAHB1ENRBase>, RCC::RCCAHB1ENRBase, 1U>::Set<ReadWriteMode, void>()
       8   Port<GPIOC>::Get()
         8   -> RegisterBase<1073874960U, 32U, ReadMode>::Get<ReadMode, void>()
       8   Port<GPIOC>::IsEnable()
         8   -> FieldValueBase<RCC_AHB1ENR_GPIOCEN_Values<RCC::AHB1ENR, 2U, 1U, ReadWriteMode, RCC::RCCAHB1ENRBase>, RCC::RCCAHB1ENRBase, 1U>::IsSet<ReadWriteMode, void>()
      16   Port<GPIOC>::IsSet(uint8_t)
        16   -> RegisterBase<1073874960U, 32U, ReadMode>::Get<ReadMode, void>()
      24   Port<GPIOC>::ModeSet(uint8_t, Moder)
        24   -> RegisterBase<1073874944U, 32U, ReadWriteMode>::Get<ReadWriteMode, void>()
        24   -> RegisterBase<1073874944U, 32U, ReadWriteMode>::Write<ReadWriteMode, void>(uint32_t)
      16   Port<GPIOC>::Reset(uint32_t)
        16   -> RegisterBase<1073874968U, 32U, WriteMode>::Write<WriteMode, void>(uint32_t)
      16   Port<GPIOC>::Set(uint32_t)
        16   -> RegisterBase<1073874968U, 32U, WriteMode>::Write<WriteMode, void>(uint32_t)
      16   Port<GPIOC>::Toggle(uint8_t)
        16   -> RegisterBase<1073874964U, 32U, ReadWriteMode>::Toggle<ReadWriteMode, void>(uint32_t)
      16   Port<GPIOC>::Write(uint32_t)
        16   -> RegisterBase<1073874964U, 32U, ReadWriteMode>::Write<ReadWriteMode, void>(uint32_t)
       0   RegisterBase<1073872896U, 32U, ReadWriteMode>::Get<ReadWriteMode, void>()
       0   RegisterBase<1073872896U, 32U, ReadWriteMode>::Write<ReadWriteMode, void>(uint32_t)
       0   RegisterBase<1073872912U, 32U, ReadMode>::Get<ReadMode, void>()
       0   RegisterBase<1073872916U, 32U, ReadWriteMode>::Toggle<ReadWriteMode, void>(uint32_t)
       0   RegisterBase<1073872916U, 32U, ReadWriteMode>::Write<ReadWriteMode, void>(uint32_t)
       0   RegisterBase<1073872920U, 32U, WriteMode>::Write<WriteMode, void>(uint32_t)
       0   RegisterBase<1073874944U, 32U, ReadWriteMode>::Get<ReadWriteMode, void>()
       0   RegisterBase<1073874944U, 32U, ReadWriteMode>::Write<ReadWriteMode, void>(uint32_t)
       0   RegisterBase<1073874960U, 32U, ReadMode>::Get<ReadMode, void>()
       0   RegisterBase<1073874964U, 32U, ReadWriteMode>::Toggle<ReadWriteMode, void>(uint32_t)
       0   RegisterBase<1073874964U, 32U, ReadWriteMode>::Write<ReadWriteMode, void>(uint32_t)
       0   RegisterBase<1073874968U, 32U, WriteMode>::Write<WriteMode, void>(uint32_t)
       8   __sti__routine()
         8   -> Button::Button(IButtonPin &)
         8   -> Pin::Pin(uint8_t, IPort &)


   Section sizes:

   Bytes  Function/Label
   -----  --------------
       4  ??DataTable1
       4  ??DataTable1_1
       4  ??DataTable1_10
       4  ??DataTable1_11
       4  ??DataTable1_12
       4  ??DataTable1_13
       4  ??DataTable1_2
       4  ??DataTable1_3
       4  ??DataTable1_4
       4  ??DataTable1_5
       4  ??DataTable1_6
       4  ??DataTable1_7
       4  ??DataTable1_8
       4  ??DataTable1_9
       4  Button::Button(IButtonPin &)
      26  Button::Enable()
      40  Button::WasPressed()
      12  Button::subobject Button(IButtonPin &)
      16  FieldValueBase<RCC_AHB1ENR_GPIOAEN_Values<RCC::AHB1ENR, 0U, 1U, ReadWriteMode, RCC::RCCAHB1ENRBase>, RCC::RCCAHB1ENRBase, 0U>::Set<ReadWriteMode, void>()
      16  FieldValueBase<RCC_AHB1ENR_GPIOAEN_Values<RCC::AHB1ENR, 0U, 1U, ReadWriteMode, RCC::RCCAHB1ENRBase>, RCC::RCCAHB1ENRBase, 1U>::IsSet<ReadWriteMode, void>()
      20  FieldValueBase<RCC_AHB1ENR_GPIOAEN_Values<RCC::AHB1ENR, 0U, 1U, ReadWriteMode, RCC::RCCAHB1ENRBase>, RCC::RCCAHB1ENRBase, 1U>::Set<ReadWriteMode, void>()
      16  FieldValueBase<RCC_AHB1ENR_GPIOCEN_Values<RCC::AHB1ENR, 2U, 1U, ReadWriteMode, RCC::RCCAHB1ENRBase>, RCC::RCCAHB1ENRBase, 0U>::Set<ReadWriteMode, void>()
      16  FieldValueBase<RCC_AHB1ENR_GPIOCEN_Values<RCC::AHB1ENR, 2U, 1U, ReadWriteMode, RCC::RCCAHB1ENRBase>, RCC::RCCAHB1ENRBase, 1U>::IsSet<ReadWriteMode, void>()
      20  FieldValueBase<RCC_AHB1ENR_GPIOCEN_Values<RCC::AHB1ENR, 2U, 1U, ReadWriteMode, RCC::RCCAHB1ENRBase>, RCC::RCCAHB1ENRBase, 1U>::Set<ReadWriteMode, void>()
      10  Port<GPIOA>::Disable()
      10  Port<GPIOA>::Enable()
      10  Port<GPIOA>::Get()
      10  Port<GPIOA>::IsEnable()
      18  Port<GPIOA>::IsSet(uint8_t)
      44  Port<GPIOA>::ModeSet(uint8_t, Moder)
      14  Port<GPIOA>::Reset(uint32_t)
      14  Port<GPIOA>::Set(uint32_t)
      16  Port<GPIOA>::Toggle(uint8_t)
      14  Port<GPIOA>::Write(uint32_t)
      10  Port<GPIOC>::Disable()
      10  Port<GPIOC>::Enable()
      10  Port<GPIOC>::Get()
      10  Port<GPIOC>::IsEnable()
      18  Port<GPIOC>::IsSet(uint8_t)
      44  Port<GPIOC>::ModeSet(uint8_t, Moder)
      14  Port<GPIOC>::Reset(uint32_t)
      14  Port<GPIOC>::Set(uint32_t)
      16  Port<GPIOC>::Toggle(uint8_t)
      14  Port<GPIOC>::Write(uint32_t)
      12  RegisterBase<1073872896U, 32U, ReadWriteMode>::Get<ReadWriteMode, void>()
      12  RegisterBase<1073872896U, 32U, ReadWriteMode>::Write<ReadWriteMode, void>(uint32_t)
      12  RegisterBase<1073872912U, 32U, ReadMode>::Get<ReadMode, void>()
      16  RegisterBase<1073872916U, 32U, ReadWriteMode>::Toggle<ReadWriteMode, void>(uint32_t)
      12  RegisterBase<1073872916U, 32U, ReadWriteMode>::Write<ReadWriteMode, void>(uint32_t)
      12  RegisterBase<1073872920U, 32U, WriteMode>::Write<WriteMode, void>(uint32_t)
      12  RegisterBase<1073874944U, 32U, ReadWriteMode>::Get<ReadWriteMode, void>()
      12  RegisterBase<1073874944U, 32U, ReadWriteMode>::Write<ReadWriteMode, void>(uint32_t)
      12  RegisterBase<1073874960U, 32U, ReadMode>::Get<ReadMode, void>()
      16  RegisterBase<1073874964U, 32U, ReadWriteMode>::Toggle<ReadWriteMode, void>(uint32_t)
      12  RegisterBase<1073874964U, 32U, ReadWriteMode>::Write<ReadWriteMode, void>(uint32_t)
      12  RegisterBase<1073874968U, 32U, WriteMode>::Write<WriteMode, void>(uint32_t)
     134  __sti__routine()
       4  button
       1  flagIndicatorSwitch
      16  pinButton
      16  pinLed1
      16  pinLed2
      16  pinLed3
      16  pinLed4
       4  portA
       4  portC
     202  -- Other

 
  91 bytes in section .bss
   8 bytes in section .data
   4 bytes in section .init_array
 192 bytes in section .rodata
 848 bytes in section .text
 
 276 bytes of CODE  memory (+ 576 bytes shared)
   0 bytes of CONST memory (+ 192 bytes shared)
   0 bytes of DATA  memory (+  99 bytes shared)

Errors: none
Warnings: 1
